{"D:\\iin house\\iin house\\src\\app\\api\\auth\\config.ts": {"path":"D:\\iin house\\iin house\\src\\app\\api\\auth\\config.ts","statementMap":{"0":{"start":{"line":4,"column":19},"end":{"line":4,"column":null}},"1":{"start":{"line":6,"column":2},"end":{"line":13,"column":null}},"2":{"start":{"line":7,"column":4},"end":{"line":12,"column":null}},"3":{"start":{"line":8,"column":18},"end":{"line":8,"column":null}},"4":{"start":{"line":9,"column":6},"end":{"line":9,"column":null}},"5":{"start":{"line":11,"column":6},"end":{"line":11,"column":null}},"6":{"start":{"line":14,"column":2},"end":{"line":14,"column":null}},"7":{"start":{"line":17,"column":111},"end":{"line":21,"column":null}},"8":{"start":{"line":23,"column":19},"end":{"line":23,"column":null}},"9":{"start":{"line":25,"column":27},"end":{"line":76,"column":null}},"10":{"start":{"line":35,"column":8},"end":{"line":35,"column":null}},"11":{"start":{"line":35,"column":64},"end":{"line":35,"column":null}},"12":{"start":{"line":37,"column":31},"end":{"line":37,"column":null}},"13":{"start":{"line":40,"column":8},"end":{"line":45,"column":null}},"14":{"start":{"line":41,"column":26},"end":{"line":41,"column":null}},"15":{"start":{"line":42,"column":10},"end":{"line":42,"column":null}},"16":{"start":{"line":42,"column":23},"end":{"line":42,"column":null}},"17":{"start":{"line":43,"column":27},"end":{"line":43,"column":null}},"18":{"start":{"line":44,"column":10},"end":{"line":44,"column":null}},"19":{"start":{"line":47,"column":23},"end":{"line":47,"column":null}},"20":{"start":{"line":48,"column":8},"end":{"line":48,"column":null}},"21":{"start":{"line":48,"column":21},"end":{"line":48,"column":null}},"22":{"start":{"line":49,"column":8},"end":{"line":59,"column":null}},"23":{"start":{"line":50,"column":23},"end":{"line":52,"column":null}},"24":{"start":{"line":53,"column":10},"end":{"line":53,"column":null}},"25":{"start":{"line":53,"column":21},"end":{"line":53,"column":null}},"26":{"start":{"line":54,"column":24},"end":{"line":54,"column":null}},"27":{"start":{"line":55,"column":10},"end":{"line":55,"column":null}},"28":{"start":{"line":55,"column":22},"end":{"line":55,"column":null}},"29":{"start":{"line":56,"column":10},"end":{"line":56,"column":null}},"30":{"start":{"line":58,"column":10},"end":{"line":58,"column":null}},"31":{"start":{"line":66,"column":6},"end":{"line":66,"column":null}},"32":{"start":{"line":66,"column":18},"end":{"line":66,"column":38}},"33":{"start":{"line":66,"column":38},"end":{"line":66,"column":62}},"34":{"start":{"line":67,"column":6},"end":{"line":67,"column":null}},"35":{"start":{"line":70,"column":6},"end":{"line":70,"column":null}},"36":{"start":{"line":71,"column":6},"end":{"line":71,"column":null}}},"fnMap":{"0":{"name":"getPrisma","decl":{"start":{"line":5,"column":15},"end":{"line":5,"column":27}},"loc":{"start":{"line":5,"column":27},"end":{"line":15,"column":null}},"line":5},"1":{"name":"authorize","decl":{"start":{"line":34,"column":12},"end":{"line":34,"column":22}},"loc":{"start":{"line":34,"column":40},"end":{"line":60,"column":null}},"line":34},"2":{"name":"jwt","decl":{"start":{"line":65,"column":10},"end":{"line":65,"column":14}},"loc":{"start":{"line":65,"column":59},"end":{"line":68,"column":null}},"line":65},"3":{"name":"session","decl":{"start":{"line":69,"column":10},"end":{"line":69,"column":18}},"loc":{"start":{"line":69,"column":68},"end":{"line":72,"column":null}},"line":69}},"branchMap":{"0":{"loc":{"start":{"line":6,"column":2},"end":{"line":13,"column":null}},"type":"if","locations":[{"start":{"line":6,"column":2},"end":{"line":13,"column":null}},{"start":{},"end":{}}],"line":6},"1":{"loc":{"start":{"line":35,"column":8},"end":{"line":35,"column":null}},"type":"if","locations":[{"start":{"line":35,"column":8},"end":{"line":35,"column":null}},{"start":{},"end":{}}],"line":35},"2":{"loc":{"start":{"line":35,"column":12},"end":{"line":35,"column":64}},"type":"binary-expr","locations":[{"start":{"line":35,"column":12},"end":{"line":35,"column":40}},{"start":{"line":35,"column":40},"end":{"line":35,"column":64}}],"line":35},"3":{"loc":{"start":{"line":37,"column":31},"end":{"line":37,"column":null}},"type":"binary-expr","locations":[{"start":{"line":37,"column":31},"end":{"line":37,"column":90}},{"start":{"line":37,"column":90},"end":{"line":37,"column":null}}],"line":37},"4":{"loc":{"start":{"line":40,"column":8},"end":{"line":45,"column":null}},"type":"if","locations":[{"start":{"line":40,"column":8},"end":{"line":45,"column":null}},{"start":{},"end":{}}],"line":40},"5":{"loc":{"start":{"line":40,"column":12},"end":{"line":40,"column":97}},"type":"binary-expr","locations":[{"start":{"line":40,"column":12},"end":{"line":40,"column":26}},{"start":{"line":40,"column":26},"end":{"line":40,"column":64}},{"start":{"line":40,"column":64},"end":{"line":40,"column":97}}],"line":40},"6":{"loc":{"start":{"line":42,"column":10},"end":{"line":42,"column":null}},"type":"if","locations":[{"start":{"line":42,"column":10},"end":{"line":42,"column":null}},{"start":{},"end":{}}],"line":42},"7":{"loc":{"start":{"line":48,"column":8},"end":{"line":48,"column":null}},"type":"if","locations":[{"start":{"line":48,"column":8},"end":{"line":48,"column":null}},{"start":{},"end":{}}],"line":48},"8":{"loc":{"start":{"line":53,"column":10},"end":{"line":53,"column":null}},"type":"if","locations":[{"start":{"line":53,"column":10},"end":{"line":53,"column":null}},{"start":{},"end":{}}],"line":53},"9":{"loc":{"start":{"line":55,"column":10},"end":{"line":55,"column":null}},"type":"if","locations":[{"start":{"line":55,"column":10},"end":{"line":55,"column":null}},{"start":{},"end":{}}],"line":55},"10":{"loc":{"start":{"line":56,"column":75},"end":{"line":56,"column":101}},"type":"binary-expr","locations":[{"start":{"line":56,"column":75},"end":{"line":56,"column":89}},{"start":{"line":56,"column":89},"end":{"line":56,"column":101}}],"line":56},"11":{"loc":{"start":{"line":66,"column":6},"end":{"line":66,"column":null}},"type":"if","locations":[{"start":{"line":66,"column":6},"end":{"line":66,"column":null}},{"start":{},"end":{}}],"line":66}},"s":{"0":0,"1":0,"2":0,"3":0,"4":0,"5":0,"6":0,"7":0,"8":0,"9":0,"10":0,"11":0,"12":0,"13":0,"14":0,"15":0,"16":0,"17":0,"18":0,"19":0,"20":0,"21":0,"22":0,"23":0,"24":0,"25":0,"26":0,"27":0,"28":0,"29":0,"30":0,"31":0,"32":0,"33":0,"34":0,"35":0,"36":0},"f":{"0":0,"1":0,"2":0,"3":0},"b":{"0":[0,0],"1":[0,0],"2":[0,0],"3":[0,0],"4":[0,0],"5":[0,0,0],"6":[0,0],"7":[0,0],"8":[0,0],"9":[0,0],"10":[0,0],"11":[0,0]},"meta":{"lastBranch":12,"lastFunction":4,"lastStatement":37,"seen":{"s:4:19:4:Infinity":0,"f:5:15:5:27":0,"b:6:2:13:Infinity:undefined:undefined:undefined:undefined":0,"s:6:2:13:Infinity":1,"s:7:4:12:Infinity":2,"s:8:18:8:Infinity":3,"s:9:6:9:Infinity":4,"s:11:6:11:Infinity":5,"s:14:2:14:Infinity":6,"s:17:111:21:Infinity":7,"s:23:19:23:Infinity":8,"s:25:27:76:Infinity":9,"f:34:12:34:22":1,"b:35:8:35:Infinity:undefined:undefined:undefined:undefined":1,"s:35:8:35:Infinity":10,"b:35:12:35:40:35:40:35:64":2,"s:35:64:35:Infinity":11,"s:37:31:37:Infinity":12,"b:37:31:37:90:37:90:37:Infinity":3,"b:40:8:45:Infinity:undefined:undefined:undefined:undefined":4,"s:40:8:45:Infinity":13,"b:40:12:40:26:40:26:40:64:40:64:40:97":5,"s:41:26:41:Infinity":14,"b:42:10:42:Infinity:undefined:undefined:undefined:undefined":6,"s:42:10:42:Infinity":15,"s:42:23:42:Infinity":16,"s:43:27:43:Infinity":17,"s:44:10:44:Infinity":18,"s:47:23:47:Infinity":19,"b:48:8:48:Infinity:undefined:undefined:undefined:undefined":7,"s:48:8:48:Infinity":20,"s:48:21:48:Infinity":21,"s:49:8:59:Infinity":22,"s:50:23:52:Infinity":23,"b:53:10:53:Infinity:undefined:undefined:undefined:undefined":8,"s:53:10:53:Infinity":24,"s:53:21:53:Infinity":25,"s:54:24:54:Infinity":26,"b:55:10:55:Infinity:undefined:undefined:undefined:undefined":9,"s:55:10:55:Infinity":27,"s:55:22:55:Infinity":28,"s:56:10:56:Infinity":29,"b:56:75:56:89:56:89:56:101":10,"s:58:10:58:Infinity":30,"f:65:10:65:14":2,"b:66:6:66:Infinity:undefined:undefined:undefined:undefined":11,"s:66:6:66:Infinity":31,"s:66:18:66:38":32,"s:66:38:66:62":33,"s:67:6:67:Infinity":34,"f:69:10:69:18":3,"s:70:6:70:Infinity":35,"s:71:6:71:Infinity":36},"fnNames":{}}}
,"D:\\iin house\\iin house\\src\\app\\api\\auth\\[...nextauth]\\route.ts": {"path":"D:\\iin house\\iin house\\src\\app\\api\\auth\\[...nextauth]\\route.ts","statementMap":{"0":{"start":{"line":4,"column":23},"end":{"line":4,"column":null}},"1":{"start":{"line":6,"column":16},"end":{"line":6,"column":null}}},"fnMap":{},"branchMap":{},"s":{"0":0,"1":0},"f":{},"b":{},"meta":{"lastBranch":0,"lastFunction":0,"lastStatement":2,"seen":{"s:4:23:4:Infinity":0,"s:6:16:6:Infinity":1},"fnNames":{}}}
,"D:\\iin house\\iin house\\src\\app\\api\\auth\\verify-email\\route.ts": {"path":"D:\\iin house\\iin house\\src\\app\\api\\auth\\verify-email\\route.ts","statementMap":{"0":{"start":{"line":7,"column":27},"end":{"line":7,"column":null}},"1":{"start":{"line":8,"column":16},"end":{"line":8,"column":null}},"2":{"start":{"line":10,"column":2},"end":{"line":12,"column":null}},"3":{"start":{"line":11,"column":4},"end":{"line":11,"column":null}},"4":{"start":{"line":14,"column":17},"end":{"line":14,"column":null}},"5":{"start":{"line":16,"column":2},"end":{"line":18,"column":null}},"6":{"start":{"line":17,"column":4},"end":{"line":17,"column":null}},"7":{"start":{"line":20,"column":2},"end":{"line":20,"column":null}},"8":{"start":{"line":26,"column":4},"end":{"line":28,"column":null}},"9":{"start":{"line":29,"column":26},"end":{"line":29,"column":null}},"10":{"start":{"line":30,"column":2},"end":{"line":37,"column":null}},"11":{"start":{"line":31,"column":4},"end":{"line":36,"column":null}},"12":{"start":{"line":39,"column":15},"end":{"line":39,"column":null}},"13":{"start":{"line":39,"column":45},"end":{"line":39,"column":48}},"14":{"start":{"line":40,"column":20},"end":{"line":40,"column":null}},"15":{"start":{"line":42,"column":2},"end":{"line":44,"column":null}},"16":{"start":{"line":43,"column":4},"end":{"line":43,"column":null}},"17":{"start":{"line":46,"column":15},"end":{"line":46,"column":null}},"18":{"start":{"line":47,"column":2},"end":{"line":49,"column":null}},"19":{"start":{"line":48,"column":4},"end":{"line":48,"column":null}},"20":{"start":{"line":51,"column":2},"end":{"line":53,"column":null}},"21":{"start":{"line":52,"column":4},"end":{"line":52,"column":null}},"22":{"start":{"line":56,"column":22},"end":{"line":56,"column":null}},"23":{"start":{"line":57,"column":20},"end":{"line":57,"column":null}},"24":{"start":{"line":59,"column":2},"end":{"line":67,"column":null}},"25":{"start":{"line":60,"column":4},"end":{"line":64,"column":null}},"26":{"start":{"line":66,"column":4},"end":{"line":66,"column":null}},"27":{"start":{"line":69,"column":20},"end":{"line":69,"column":null}},"28":{"start":{"line":70,"column":41},"end":{"line":70,"column":null}},"29":{"start":{"line":71,"column":2},"end":{"line":75,"column":null}},"30":{"start":{"line":77,"column":2},"end":{"line":77,"column":null}}},"fnMap":{"0":{"name":"GET","decl":{"start":{"line":6,"column":22},"end":{"line":6,"column":26}},"loc":{"start":{"line":6,"column":44},"end":{"line":21,"column":null}},"line":6},"1":{"name":"POST","decl":{"start":{"line":23,"column":22},"end":{"line":23,"column":27}},"loc":{"start":{"line":23,"column":45},"end":{"line":78,"column":null}},"line":23},"2":{"name":"(anonymous_2)","decl":{"start":{"line":39,"column":32},"end":{"line":39,"column":45}},"loc":{"start":{"line":39,"column":45},"end":{"line":39,"column":48}},"line":39},"3":{"name":"(anonymous_3)","decl":{"start":{"line":75,"column":5},"end":{"line":75,"column":17}},"loc":{"start":{"line":75,"column":17},"end":{"line":75,"column":19}},"line":75}},"branchMap":{"0":{"loc":{"start":{"line":10,"column":2},"end":{"line":12,"column":null}},"type":"if","locations":[{"start":{"line":10,"column":2},"end":{"line":12,"column":null}},{"start":{},"end":{}}],"line":10},"1":{"loc":{"start":{"line":16,"column":2},"end":{"line":18,"column":null}},"type":"if","locations":[{"start":{"line":16,"column":2},"end":{"line":18,"column":null}},{"start":{},"end":{}}],"line":16},"2":{"loc":{"start":{"line":26,"column":4},"end":{"line":28,"column":null}},"type":"binary-expr","locations":[{"start":{"line":26,"column":4},"end":{"line":26,"column":null}},{"start":{"line":27,"column":4},"end":{"line":27,"column":null}},{"start":{"line":28,"column":4},"end":{"line":28,"column":null}}],"line":26},"3":{"loc":{"start":{"line":30,"column":2},"end":{"line":37,"column":null}},"type":"if","locations":[{"start":{"line":30,"column":2},"end":{"line":37,"column":null}},{"start":{},"end":{}}],"line":30},"4":{"loc":{"start":{"line":33,"column":57},"end":{"line":33,"column":91}},"type":"binary-expr","locations":[{"start":{"line":33,"column":57},"end":{"line":33,"column":87}},{"start":{"line":33,"column":87},"end":{"line":33,"column":91}}],"line":33},"5":{"loc":{"start":{"line":42,"column":2},"end":{"line":44,"column":null}},"type":"if","locations":[{"start":{"line":42,"column":2},"end":{"line":44,"column":null}},{"start":{},"end":{}}],"line":42},"6":{"loc":{"start":{"line":47,"column":2},"end":{"line":49,"column":null}},"type":"if","locations":[{"start":{"line":47,"column":2},"end":{"line":49,"column":null}},{"start":{},"end":{}}],"line":47},"7":{"loc":{"start":{"line":51,"column":2},"end":{"line":53,"column":null}},"type":"if","locations":[{"start":{"line":51,"column":2},"end":{"line":53,"column":null}},{"start":{},"end":{}}],"line":51},"8":{"loc":{"start":{"line":74,"column":39},"end":{"line":74,"column":60}},"type":"binary-expr","locations":[{"start":{"line":74,"column":39},"end":{"line":74,"column":53}},{"start":{"line":74,"column":53},"end":{"line":74,"column":60}}],"line":74}},"s":{"0":0,"1":0,"2":0,"3":0,"4":0,"5":0,"6":0,"7":0,"8":0,"9":0,"10":0,"11":0,"12":0,"13":0,"14":0,"15":0,"16":0,"17":0,"18":0,"19":0,"20":0,"21":0,"22":0,"23":0,"24":0,"25":0,"26":0,"27":0,"28":0,"29":0,"30":0},"f":{"0":0,"1":0,"2":0,"3":0},"b":{"0":[0,0],"1":[0,0],"2":[0,0,0],"3":[0,0],"4":[0,0],"5":[0,0],"6":[0,0],"7":[0,0],"8":[0,0]},"meta":{"lastBranch":9,"lastFunction":4,"lastStatement":31,"seen":{"f:6:22:6:26":0,"s:7:27:7:Infinity":0,"s:8:16:8:Infinity":1,"b:10:2:12:Infinity:undefined:undefined:undefined:undefined":0,"s:10:2:12:Infinity":2,"s:11:4:11:Infinity":3,"s:14:17:14:Infinity":4,"b:16:2:18:Infinity:undefined:undefined:undefined:undefined":1,"s:16:2:18:Infinity":5,"s:17:4:17:Infinity":6,"s:20:2:20:Infinity":7,"f:23:22:23:27":1,"s:26:4:28:Infinity":8,"b:26:4:26:Infinity:27:4:27:Infinity:28:4:28:Infinity":2,"s:29:26:29:Infinity":9,"b:30:2:37:Infinity:undefined:undefined:undefined:undefined":3,"s:30:2:37:Infinity":10,"s:31:4:36:Infinity":11,"b:33:57:33:87:33:87:33:91":4,"s:39:15:39:Infinity":12,"f:39:32:39:45":2,"s:39:45:39:48":13,"s:40:20:40:Infinity":14,"b:42:2:44:Infinity:undefined:undefined:undefined:undefined":5,"s:42:2:44:Infinity":15,"s:43:4:43:Infinity":16,"s:46:15:46:Infinity":17,"b:47:2:49:Infinity:undefined:undefined:undefined:undefined":6,"s:47:2:49:Infinity":18,"s:48:4:48:Infinity":19,"b:51:2:53:Infinity:undefined:undefined:undefined:undefined":7,"s:51:2:53:Infinity":20,"s:52:4:52:Infinity":21,"s:56:22:56:Infinity":22,"s:57:20:57:Infinity":23,"s:59:2:67:Infinity":24,"s:60:4:64:Infinity":25,"s:66:4:66:Infinity":26,"s:69:20:69:Infinity":27,"s:70:41:70:Infinity":28,"s:71:2:75:Infinity":29,"b:74:39:74:53:74:53:74:60":8,"f:75:5:75:17":3,"s:77:2:77:Infinity":30},"fnNames":{}}}
,"D:\\iin house\\iin house\\src\\app\\api\\content\\[id]\\route.ts": {"path":"D:\\iin house\\iin house\\src\\app\\api\\content\\[id]\\route.ts","statementMap":{"0":{"start":{"line":7,"column":21},"end":{"line":9,"column":null}},"1":{"start":{"line":12,"column":18},"end":{"line":12,"column":null}},"2":{"start":{"line":13,"column":2},"end":{"line":15,"column":null}},"3":{"start":{"line":14,"column":4},"end":{"line":14,"column":null}},"4":{"start":{"line":17,"column":2},"end":{"line":55,"column":null}},"5":{"start":{"line":18,"column":17},"end":{"line":18,"column":null}},"6":{"start":{"line":19,"column":19},"end":{"line":19,"column":null}},"7":{"start":{"line":20,"column":4},"end":{"line":22,"column":null}},"8":{"start":{"line":21,"column":6},"end":{"line":21,"column":null}},"9":{"start":{"line":24,"column":23},"end":{"line":24,"column":null}},"10":{"start":{"line":25,"column":22},"end":{"line":25,"column":null}},"11":{"start":{"line":27,"column":17},"end":{"line":30,"column":null}},"12":{"start":{"line":31,"column":4},"end":{"line":31,"column":null}},"13":{"start":{"line":31,"column":15},"end":{"line":31,"column":null}},"14":{"start":{"line":34,"column":4},"end":{"line":36,"column":null}},"15":{"start":{"line":35,"column":6},"end":{"line":35,"column":null}},"16":{"start":{"line":38,"column":4},"end":{"line":50,"column":null}},"17":{"start":{"line":39,"column":6},"end":{"line":42,"column":null}},"18":{"start":{"line":43,"column":11},"end":{"line":50,"column":null}},"19":{"start":{"line":44,"column":6},"end":{"line":47,"column":null}},"20":{"start":{"line":48,"column":11},"end":{"line":50,"column":null}},"21":{"start":{"line":49,"column":6},"end":{"line":49,"column":null}},"22":{"start":{"line":52,"column":4},"end":{"line":52,"column":null}},"23":{"start":{"line":54,"column":4},"end":{"line":54,"column":null}},"24":{"start":{"line":59,"column":18},"end":{"line":59,"column":null}},"25":{"start":{"line":60,"column":2},"end":{"line":62,"column":null}},"26":{"start":{"line":61,"column":4},"end":{"line":61,"column":null}},"27":{"start":{"line":64,"column":15},"end":{"line":69,"column":null}},"28":{"start":{"line":70,"column":2},"end":{"line":70,"column":null}},"29":{"start":{"line":70,"column":13},"end":{"line":70,"column":null}},"30":{"start":{"line":73,"column":18},"end":{"line":73,"column":null}},"31":{"start":{"line":74,"column":20},"end":{"line":74,"column":null}},"32":{"start":{"line":76,"column":2},"end":{"line":90,"column":null}},"33":{"start":{"line":77,"column":22},"end":{"line":79,"column":null}},"34":{"start":{"line":80,"column":4},"end":{"line":82,"column":null}},"35":{"start":{"line":81,"column":6},"end":{"line":81,"column":null}},"36":{"start":{"line":83,"column":9},"end":{"line":90,"column":null}},"37":{"start":{"line":84,"column":23},"end":{"line":86,"column":null}},"38":{"start":{"line":87,"column":4},"end":{"line":89,"column":null}},"39":{"start":{"line":88,"column":6},"end":{"line":88,"column":null}},"40":{"start":{"line":93,"column":2},"end":{"line":96,"column":null}},"41":{"start":{"line":98,"column":2},"end":{"line":98,"column":null}}},"fnMap":{"0":{"name":"POST","decl":{"start":{"line":11,"column":22},"end":{"line":11,"column":27}},"loc":{"start":{"line":11,"column":85},"end":{"line":56,"column":null}},"line":11},"1":{"name":"GET","decl":{"start":{"line":58,"column":22},"end":{"line":58,"column":26}},"loc":{"start":{"line":58,"column":84},"end":{"line":99,"column":null}},"line":58}},"branchMap":{"0":{"loc":{"start":{"line":13,"column":2},"end":{"line":15,"column":null}},"type":"if","locations":[{"start":{"line":13,"column":2},"end":{"line":15,"column":null}},{"start":{},"end":{}}],"line":13},"1":{"loc":{"start":{"line":13,"column":6},"end":{"line":13,"column":66}},"type":"binary-expr","locations":[{"start":{"line":13,"column":6},"end":{"line":13,"column":25}},{"start":{"line":13,"column":25},"end":{"line":13,"column":66}}],"line":13},"2":{"loc":{"start":{"line":20,"column":4},"end":{"line":22,"column":null}},"type":"if","locations":[{"start":{"line":20,"column":4},"end":{"line":22,"column":null}},{"start":{},"end":{}}],"line":20},"3":{"loc":{"start":{"line":31,"column":4},"end":{"line":31,"column":null}},"type":"if","locations":[{"start":{"line":31,"column":4},"end":{"line":31,"column":null}},{"start":{},"end":{}}],"line":31},"4":{"loc":{"start":{"line":34,"column":4},"end":{"line":36,"column":null}},"type":"if","locations":[{"start":{"line":34,"column":4},"end":{"line":36,"column":null}},{"start":{},"end":{}}],"line":34},"5":{"loc":{"start":{"line":38,"column":4},"end":{"line":50,"column":null}},"type":"if","locations":[{"start":{"line":38,"column":4},"end":{"line":50,"column":null}},{"start":{"line":43,"column":11},"end":{"line":50,"column":null}}],"line":38},"6":{"loc":{"start":{"line":43,"column":11},"end":{"line":50,"column":null}},"type":"if","locations":[{"start":{"line":43,"column":11},"end":{"line":50,"column":null}},{"start":{"line":48,"column":11},"end":{"line":50,"column":null}}],"line":43},"7":{"loc":{"start":{"line":48,"column":11},"end":{"line":50,"column":null}},"type":"if","locations":[{"start":{"line":48,"column":11},"end":{"line":50,"column":null}},{"start":{},"end":{}}],"line":48},"8":{"loc":{"start":{"line":54,"column":38},"end":{"line":54,"column":60}},"type":"binary-expr","locations":[{"start":{"line":54,"column":38},"end":{"line":54,"column":51}},{"start":{"line":54,"column":51},"end":{"line":54,"column":60}}],"line":54},"9":{"loc":{"start":{"line":60,"column":2},"end":{"line":62,"column":null}},"type":"if","locations":[{"start":{"line":60,"column":2},"end":{"line":62,"column":null}},{"start":{},"end":{}}],"line":60},"10":{"loc":{"start":{"line":70,"column":2},"end":{"line":70,"column":null}},"type":"if","locations":[{"start":{"line":70,"column":2},"end":{"line":70,"column":null}},{"start":{},"end":{}}],"line":70},"11":{"loc":{"start":{"line":76,"column":2},"end":{"line":90,"column":null}},"type":"if","locations":[{"start":{"line":76,"column":2},"end":{"line":90,"column":null}},{"start":{"line":83,"column":9},"end":{"line":90,"column":null}}],"line":76},"12":{"loc":{"start":{"line":80,"column":4},"end":{"line":82,"column":null}},"type":"if","locations":[{"start":{"line":80,"column":4},"end":{"line":82,"column":null}},{"start":{},"end":{}}],"line":80},"13":{"loc":{"start":{"line":80,"column":8},"end":{"line":80,"column":80}},"type":"binary-expr","locations":[{"start":{"line":80,"column":8},"end":{"line":80,"column":22}},{"start":{"line":80,"column":22},"end":{"line":80,"column":48}},{"start":{"line":80,"column":48},"end":{"line":80,"column":80}}],"line":80},"14":{"loc":{"start":{"line":83,"column":9},"end":{"line":90,"column":null}},"type":"if","locations":[{"start":{"line":83,"column":9},"end":{"line":90,"column":null}},{"start":{},"end":{}}],"line":83},"15":{"loc":{"start":{"line":83,"column":13},"end":{"line":83,"column":107}},"type":"binary-expr","locations":[{"start":{"line":83,"column":13},"end":{"line":83,"column":49}},{"start":{"line":83,"column":49},"end":{"line":83,"column":75}},{"start":{"line":83,"column":75},"end":{"line":83,"column":107}}],"line":83},"16":{"loc":{"start":{"line":87,"column":4},"end":{"line":89,"column":null}},"type":"if","locations":[{"start":{"line":87,"column":4},"end":{"line":89,"column":null}},{"start":{},"end":{}}],"line":87}},"s":{"0":0,"1":0,"2":0,"3":0,"4":0,"5":0,"6":0,"7":0,"8":0,"9":0,"10":0,"11":0,"12":0,"13":0,"14":0,"15":0,"16":0,"17":0,"18":0,"19":0,"20":0,"21":0,"22":0,"23":0,"24":0,"25":0,"26":0,"27":0,"28":0,"29":0,"30":0,"31":0,"32":0,"33":0,"34":0,"35":0,"36":0,"37":0,"38":0,"39":0,"40":0,"41":0},"f":{"0":0,"1":0},"b":{"0":[0,0],"1":[0,0],"2":[0,0],"3":[0,0],"4":[0,0],"5":[0,0],"6":[0,0],"7":[0,0],"8":[0,0],"9":[0,0],"10":[0,0],"11":[0,0],"12":[0,0],"13":[0,0,0],"14":[0,0],"15":[0,0,0],"16":[0,0]},"meta":{"lastBranch":17,"lastFunction":2,"lastStatement":42,"seen":{"s:7:21:9:Infinity":0,"f:11:22:11:27":0,"s:12:18:12:Infinity":1,"b:13:2:15:Infinity:undefined:undefined:undefined:undefined":0,"s:13:2:15:Infinity":2,"b:13:6:13:25:13:25:13:66":1,"s:14:4:14:Infinity":3,"s:17:2:55:Infinity":4,"s:18:17:18:Infinity":5,"s:19:19:19:Infinity":6,"b:20:4:22:Infinity:undefined:undefined:undefined:undefined":2,"s:20:4:22:Infinity":7,"s:21:6:21:Infinity":8,"s:24:23:24:Infinity":9,"s:25:22:25:Infinity":10,"s:27:17:30:Infinity":11,"b:31:4:31:Infinity:undefined:undefined:undefined:undefined":3,"s:31:4:31:Infinity":12,"s:31:15:31:Infinity":13,"b:34:4:36:Infinity:undefined:undefined:undefined:undefined":4,"s:34:4:36:Infinity":14,"s:35:6:35:Infinity":15,"b:38:4:50:Infinity:43:11:50:Infinity":5,"s:38:4:50:Infinity":16,"s:39:6:42:Infinity":17,"b:43:11:50:Infinity:48:11:50:Infinity":6,"s:43:11:50:Infinity":18,"s:44:6:47:Infinity":19,"b:48:11:50:Infinity:undefined:undefined:undefined:undefined":7,"s:48:11:50:Infinity":20,"s:49:6:49:Infinity":21,"s:52:4:52:Infinity":22,"s:54:4:54:Infinity":23,"b:54:38:54:51:54:51:54:60":8,"f:58:22:58:26":1,"s:59:18:59:Infinity":24,"b:60:2:62:Infinity:undefined:undefined:undefined:undefined":9,"s:60:2:62:Infinity":25,"s:61:4:61:Infinity":26,"s:64:15:69:Infinity":27,"b:70:2:70:Infinity:undefined:undefined:undefined:undefined":10,"s:70:2:70:Infinity":28,"s:70:13:70:Infinity":29,"s:73:18:73:Infinity":30,"s:74:20:74:Infinity":31,"b:76:2:90:Infinity:83:9:90:Infinity":11,"s:76:2:90:Infinity":32,"s:77:22:79:Infinity":33,"b:80:4:82:Infinity:undefined:undefined:undefined:undefined":12,"s:80:4:82:Infinity":34,"b:80:8:80:22:80:22:80:48:80:48:80:80":13,"s:81:6:81:Infinity":35,"b:83:9:90:Infinity:undefined:undefined:undefined:undefined":14,"s:83:9:90:Infinity":36,"b:83:13:83:49:83:49:83:75:83:75:83:107":15,"s:84:23:86:Infinity":37,"b:87:4:89:Infinity:undefined:undefined:undefined:undefined":16,"s:87:4:89:Infinity":38,"s:88:6:88:Infinity":39,"s:93:2:96:Infinity":40,"s:98:2:98:Infinity":41},"fnNames":{}}}
,"D:\\iin house\\iin house\\src\\app\\api\\content\\create\\route.ts": {"path":"D:\\iin house\\iin house\\src\\app\\api\\content\\create\\route.ts","statementMap":{"0":{"start":{"line":7,"column":21},"end":{"line":16,"column":null}},"1":{"start":{"line":19,"column":18},"end":{"line":19,"column":null}},"2":{"start":{"line":20,"column":2},"end":{"line":22,"column":null}},"3":{"start":{"line":21,"column":4},"end":{"line":21,"column":null}},"4":{"start":{"line":24,"column":2},"end":{"line":62,"column":null}},"5":{"start":{"line":25,"column":17},"end":{"line":25,"column":null}},"6":{"start":{"line":26,"column":19},"end":{"line":26,"column":null}},"7":{"start":{"line":27,"column":4},"end":{"line":29,"column":null}},"8":{"start":{"line":28,"column":6},"end":{"line":28,"column":null}},"9":{"start":{"line":31,"column":100},"end":{"line":31,"column":null}},"10":{"start":{"line":33,"column":20},"end":{"line":35,"column":null}},"11":{"start":{"line":36,"column":4},"end":{"line":38,"column":null}},"12":{"start":{"line":37,"column":6},"end":{"line":37,"column":null}},"13":{"start":{"line":40,"column":4},"end":{"line":42,"column":null}},"14":{"start":{"line":41,"column":6},"end":{"line":41,"column":null}},"15":{"start":{"line":44,"column":17},"end":{"line":57,"column":null}},"16":{"start":{"line":59,"column":4},"end":{"line":59,"column":null}},"17":{"start":{"line":61,"column":4},"end":{"line":61,"column":null}}},"fnMap":{"0":{"name":"POST","decl":{"start":{"line":18,"column":22},"end":{"line":18,"column":27}},"loc":{"start":{"line":18,"column":45},"end":{"line":63,"column":null}},"line":18}},"branchMap":{"0":{"loc":{"start":{"line":20,"column":2},"end":{"line":22,"column":null}},"type":"if","locations":[{"start":{"line":20,"column":2},"end":{"line":22,"column":null}},{"start":{},"end":{}}],"line":20},"1":{"loc":{"start":{"line":20,"column":6},"end":{"line":20,"column":66}},"type":"binary-expr","locations":[{"start":{"line":20,"column":6},"end":{"line":20,"column":25}},{"start":{"line":20,"column":25},"end":{"line":20,"column":66}}],"line":20},"2":{"loc":{"start":{"line":27,"column":4},"end":{"line":29,"column":null}},"type":"if","locations":[{"start":{"line":27,"column":4},"end":{"line":29,"column":null}},{"start":{},"end":{}}],"line":27},"3":{"loc":{"start":{"line":36,"column":4},"end":{"line":38,"column":null}},"type":"if","locations":[{"start":{"line":36,"column":4},"end":{"line":38,"column":null}},{"start":{},"end":{}}],"line":36},"4":{"loc":{"start":{"line":40,"column":4},"end":{"line":42,"column":null}},"type":"if","locations":[{"start":{"line":40,"column":4},"end":{"line":42,"column":null}},{"start":{},"end":{}}],"line":40},"5":{"loc":{"start":{"line":40,"column":8},"end":{"line":40,"column":54}},"type":"binary-expr","locations":[{"start":{"line":40,"column":8},"end":{"line":40,"column":18}},{"start":{"line":40,"column":18},"end":{"line":40,"column":38}},{"start":{"line":40,"column":38},"end":{"line":40,"column":54}}],"line":40},"6":{"loc":{"start":{"line":51,"column":15},"end":{"line":51,"column":null}},"type":"binary-expr","locations":[{"start":{"line":51,"column":15},"end":{"line":51,"column":24}},{"start":{"line":51,"column":24},"end":{"line":51,"column":null}}],"line":51},"7":{"loc":{"start":{"line":52,"column":18},"end":{"line":52,"column":null}},"type":"cond-expr","locations":[{"start":{"line":52,"column":26},"end":{"line":52,"column":37}},{"start":{"line":52,"column":37},"end":{"line":52,"column":null}}],"line":52},"8":{"loc":{"start":{"line":53,"column":21},"end":{"line":53,"column":null}},"type":"cond-expr","locations":[{"start":{"line":53,"column":35},"end":{"line":53,"column":59}},{"start":{"line":53,"column":59},"end":{"line":53,"column":null}}],"line":53},"9":{"loc":{"start":{"line":54,"column":21},"end":{"line":54,"column":null}},"type":"cond-expr","locations":[{"start":{"line":54,"column":35},"end":{"line":54,"column":42}},{"start":{"line":54,"column":42},"end":{"line":54,"column":null}}],"line":54},"10":{"loc":{"start":{"line":55,"column":24},"end":{"line":55,"column":null}},"type":"binary-expr","locations":[{"start":{"line":55,"column":24},"end":{"line":55,"column":42}},{"start":{"line":55,"column":42},"end":{"line":55,"column":null}}],"line":55},"11":{"loc":{"start":{"line":61,"column":38},"end":{"line":61,"column":75}},"type":"binary-expr","locations":[{"start":{"line":61,"column":38},"end":{"line":61,"column":51}},{"start":{"line":61,"column":51},"end":{"line":61,"column":75}}],"line":61}},"s":{"0":0,"1":0,"2":0,"3":0,"4":0,"5":0,"6":0,"7":0,"8":0,"9":0,"10":0,"11":0,"12":0,"13":0,"14":0,"15":0,"16":0,"17":0},"f":{"0":0},"b":{"0":[0,0],"1":[0,0],"2":[0,0],"3":[0,0],"4":[0,0],"5":[0,0,0],"6":[0,0],"7":[0,0],"8":[0,0],"9":[0,0],"10":[0,0],"11":[0,0]},"meta":{"lastBranch":12,"lastFunction":1,"lastStatement":18,"seen":{"s:7:21:16:Infinity":0,"f:18:22:18:27":0,"s:19:18:19:Infinity":1,"b:20:2:22:Infinity:undefined:undefined:undefined:undefined":0,"s:20:2:22:Infinity":2,"b:20:6:20:25:20:25:20:66":1,"s:21:4:21:Infinity":3,"s:24:2:62:Infinity":4,"s:25:17:25:Infinity":5,"s:26:19:26:Infinity":6,"b:27:4:29:Infinity:undefined:undefined:undefined:undefined":2,"s:27:4:29:Infinity":7,"s:28:6:28:Infinity":8,"s:31:100:31:Infinity":9,"s:33:20:35:Infinity":10,"b:36:4:38:Infinity:undefined:undefined:undefined:undefined":3,"s:36:4:38:Infinity":11,"s:37:6:37:Infinity":12,"b:40:4:42:Infinity:undefined:undefined:undefined:undefined":4,"s:40:4:42:Infinity":13,"b:40:8:40:18:40:18:40:38:40:38:40:54":5,"s:41:6:41:Infinity":14,"s:44:17:57:Infinity":15,"b:51:15:51:24:51:24:51:Infinity":6,"b:52:26:52:37:52:37:52:Infinity":7,"b:53:35:53:59:53:59:53:Infinity":8,"b:54:35:54:42:54:42:54:Infinity":9,"b:55:24:55:42:55:42:55:Infinity":10,"s:59:4:59:Infinity":16,"s:61:4:61:Infinity":17,"b:61:38:61:51:61:51:61:75":11},"fnNames":{}}}
,"D:\\iin house\\iin house\\src\\app\\api\\contracts\\upload\\route.ts": {"path":"D:\\iin house\\iin house\\src\\app\\api\\contracts\\upload\\route.ts","statementMap":{"0":{"start":{"line":7,"column":18},"end":{"line":7,"column":null}},"1":{"start":{"line":8,"column":2},"end":{"line":10,"column":null}},"2":{"start":{"line":9,"column":4},"end":{"line":9,"column":null}},"3":{"start":{"line":12,"column":2},"end":{"line":38,"column":null}},"4":{"start":{"line":13,"column":29},"end":{"line":13,"column":null}},"5":{"start":{"line":14,"column":24},"end":{"line":14,"column":null}},"6":{"start":{"line":16,"column":4},"end":{"line":33,"column":null}},"7":{"start":{"line":18,"column":23},"end":{"line":18,"column":null}},"8":{"start":{"line":19,"column":19},"end":{"line":19,"column":null}},"9":{"start":{"line":20,"column":6},"end":{"line":20,"column":null}},"10":{"start":{"line":20,"column":17},"end":{"line":20,"column":null}},"11":{"start":{"line":23,"column":55},"end":{"line":23,"column":null}},"12":{"start":{"line":24,"column":23},"end":{"line":24,"column":null}},"13":{"start":{"line":25,"column":25},"end":{"line":25,"column":null}},"14":{"start":{"line":26,"column":6},"end":{"line":26,"column":null}},"15":{"start":{"line":26,"column":35},"end":{"line":26,"column":null}},"16":{"start":{"line":28,"column":20},"end":{"line":28,"column":null}},"17":{"start":{"line":29,"column":23},"end":{"line":29,"column":null}},"18":{"start":{"line":30,"column":6},"end":{"line":30,"column":null}},"19":{"start":{"line":32,"column":6},"end":{"line":32,"column":null}},"20":{"start":{"line":35,"column":4},"end":{"line":35,"column":null}},"21":{"start":{"line":37,"column":4},"end":{"line":37,"column":null}}},"fnMap":{"0":{"name":"POST","decl":{"start":{"line":6,"column":22},"end":{"line":6,"column":27}},"loc":{"start":{"line":6,"column":45},"end":{"line":39,"column":null}},"line":6}},"branchMap":{"0":{"loc":{"start":{"line":8,"column":2},"end":{"line":10,"column":null}},"type":"if","locations":[{"start":{"line":8,"column":2},"end":{"line":10,"column":null}},{"start":{},"end":{}}],"line":8},"1":{"loc":{"start":{"line":8,"column":6},"end":{"line":8,"column":64}},"type":"binary-expr","locations":[{"start":{"line":8,"column":6},"end":{"line":8,"column":25}},{"start":{"line":8,"column":25},"end":{"line":8,"column":64}}],"line":8},"2":{"loc":{"start":{"line":16,"column":4},"end":{"line":33,"column":null}},"type":"if","locations":[{"start":{"line":16,"column":4},"end":{"line":33,"column":null}},{"start":{},"end":{}}],"line":16},"3":{"loc":{"start":{"line":20,"column":6},"end":{"line":20,"column":null}},"type":"if","locations":[{"start":{"line":20,"column":6},"end":{"line":20,"column":null}},{"start":{},"end":{}}],"line":20},"4":{"loc":{"start":{"line":26,"column":6},"end":{"line":26,"column":null}},"type":"if","locations":[{"start":{"line":26,"column":6},"end":{"line":26,"column":null}},{"start":{},"end":{}}],"line":26},"5":{"loc":{"start":{"line":37,"column":38},"end":{"line":37,"column":60}},"type":"binary-expr","locations":[{"start":{"line":37,"column":38},"end":{"line":37,"column":51}},{"start":{"line":37,"column":51},"end":{"line":37,"column":60}}],"line":37}},"s":{"0":0,"1":0,"2":0,"3":0,"4":0,"5":0,"6":0,"7":0,"8":0,"9":0,"10":0,"11":0,"12":0,"13":0,"14":0,"15":0,"16":0,"17":0,"18":0,"19":0,"20":0,"21":0},"f":{"0":0},"b":{"0":[0,0],"1":[0,0],"2":[0,0],"3":[0,0],"4":[0,0],"5":[0,0]},"meta":{"lastBranch":6,"lastFunction":1,"lastStatement":22,"seen":{"f:6:22:6:27":0,"s:7:18:7:Infinity":0,"b:8:2:10:Infinity:undefined:undefined:undefined:undefined":0,"s:8:2:10:Infinity":1,"b:8:6:8:25:8:25:8:64":1,"s:9:4:9:Infinity":2,"s:12:2:38:Infinity":3,"s:13:29:13:Infinity":4,"s:14:24:14:Infinity":5,"b:16:4:33:Infinity:undefined:undefined:undefined:undefined":2,"s:16:4:33:Infinity":6,"s:18:23:18:Infinity":7,"s:19:19:19:Infinity":8,"b:20:6:20:Infinity:undefined:undefined:undefined:undefined":3,"s:20:6:20:Infinity":9,"s:20:17:20:Infinity":10,"s:23:55:23:Infinity":11,"s:24:23:24:Infinity":12,"s:25:25:25:Infinity":13,"b:26:6:26:Infinity:undefined:undefined:undefined:undefined":4,"s:26:6:26:Infinity":14,"s:26:35:26:Infinity":15,"s:28:20:28:Infinity":16,"s:29:23:29:Infinity":17,"s:30:6:30:Infinity":18,"s:32:6:32:Infinity":19,"s:35:4:35:Infinity":20,"s:37:4:37:Infinity":21,"b:37:38:37:51:37:51:37:60":5},"fnNames":{}}}
,"D:\\iin house\\iin house\\src\\app\\api\\conversations\\route.ts": {"path":"D:\\iin house\\iin house\\src\\app\\api\\conversations\\route.ts","statementMap":{"0":{"start":{"line":8,"column":18},"end":{"line":8,"column":null}},"1":{"start":{"line":9,"column":2},"end":{"line":11,"column":null}},"2":{"start":{"line":10,"column":4},"end":{"line":10,"column":null}},"3":{"start":{"line":13,"column":18},"end":{"line":13,"column":null}},"4":{"start":{"line":14,"column":19},"end":{"line":20,"column":null}},"5":{"start":{"line":22,"column":19},"end":{"line":22,"column":null}},"6":{"start":{"line":23,"column":2},"end":{"line":26,"column":null}},"7":{"start":{"line":24,"column":4},"end":{"line":24,"column":null}},"8":{"start":{"line":24,"column":31},"end":{"line":24,"column":null}},"9":{"start":{"line":25,"column":4},"end":{"line":25,"column":null}},"10":{"start":{"line":25,"column":33},"end":{"line":25,"column":null}},"11":{"start":{"line":28,"column":16},"end":{"line":31,"column":null}},"12":{"start":{"line":32,"column":18},"end":{"line":32,"column":null}},"13":{"start":{"line":32,"column":43},"end":{"line":32,"column":82}},"14":{"start":{"line":34,"column":15},"end":{"line":34,"column":null}},"15":{"start":{"line":41,"column":7},"end":{"line":41,"column":null}},"16":{"start":{"line":43,"column":2},"end":{"line":59,"column":null}},"17":{"start":{"line":44,"column":20},"end":{"line":44,"column":null}},"18":{"start":{"line":45,"column":4},"end":{"line":45,"column":null}},"19":{"start":{"line":45,"column":27},"end":{"line":45,"column":null}},"20":{"start":{"line":46,"column":4},"end":{"line":46,"column":null}},"21":{"start":{"line":48,"column":19},"end":{"line":50,"column":null}},"22":{"start":{"line":52,"column":4},"end":{"line":58,"column":null}},"23":{"start":{"line":61,"column":2},"end":{"line":61,"column":null}}},"fnMap":{"0":{"name":"GET","decl":{"start":{"line":7,"column":22},"end":{"line":7,"column":26}},"loc":{"start":{"line":7,"column":44},"end":{"line":62,"column":null}},"line":7},"1":{"name":"(anonymous_1)","decl":{"start":{"line":32,"column":32},"end":{"line":32,"column":37}},"loc":{"start":{"line":32,"column":43},"end":{"line":32,"column":82}},"line":32}},"branchMap":{"0":{"loc":{"start":{"line":9,"column":2},"end":{"line":11,"column":null}},"type":"if","locations":[{"start":{"line":9,"column":2},"end":{"line":11,"column":null}},{"start":{},"end":{}}],"line":9},"1":{"loc":{"start":{"line":24,"column":4},"end":{"line":24,"column":null}},"type":"if","locations":[{"start":{"line":24,"column":4},"end":{"line":24,"column":null}},{"start":{},"end":{}}],"line":24},"2":{"loc":{"start":{"line":25,"column":4},"end":{"line":25,"column":null}},"type":"if","locations":[{"start":{"line":25,"column":4},"end":{"line":25,"column":null}},{"start":{},"end":{}}],"line":25},"3":{"loc":{"start":{"line":32,"column":50},"end":{"line":32,"column":81}},"type":"binary-expr","locations":[{"start":{"line":32,"column":50},"end":{"line":32,"column":61}},{"start":{"line":32,"column":61},"end":{"line":32,"column":72}},{"start":{"line":32,"column":72},"end":{"line":32,"column":81}}],"line":32},"4":{"loc":{"start":{"line":44,"column":20},"end":{"line":44,"column":null}},"type":"cond-expr","locations":[{"start":{"line":44,"column":44},"end":{"line":44,"column":59}},{"start":{"line":44,"column":59},"end":{"line":44,"column":null}}],"line":44},"5":{"loc":{"start":{"line":45,"column":4},"end":{"line":45,"column":null}},"type":"if","locations":[{"start":{"line":45,"column":4},"end":{"line":45,"column":null}},{"start":{},"end":{}}],"line":45},"6":{"loc":{"start":{"line":54,"column":12},"end":{"line":54,"column":null}},"type":"binary-expr","locations":[{"start":{"line":54,"column":12},"end":{"line":54,"column":36}},{"start":{"line":54,"column":36},"end":{"line":54,"column":null}}],"line":54}},"s":{"0":0,"1":0,"2":0,"3":0,"4":0,"5":0,"6":0,"7":0,"8":0,"9":0,"10":0,"11":0,"12":0,"13":0,"14":0,"15":0,"16":0,"17":0,"18":0,"19":0,"20":0,"21":0,"22":0,"23":0},"f":{"0":0,"1":0},"b":{"0":[0,0],"1":[0,0],"2":[0,0],"3":[0,0,0],"4":[0,0],"5":[0,0],"6":[0,0]},"meta":{"lastBranch":7,"lastFunction":2,"lastStatement":24,"seen":{"f:7:22:7:26":0,"s:8:18:8:Infinity":0,"b:9:2:11:Infinity:undefined:undefined:undefined:undefined":0,"s:9:2:11:Infinity":1,"s:10:4:10:Infinity":2,"s:13:18:13:Infinity":3,"s:14:19:20:Infinity":4,"s:22:19:22:Infinity":5,"s:23:2:26:Infinity":6,"b:24:4:24:Infinity:undefined:undefined:undefined:undefined":1,"s:24:4:24:Infinity":7,"s:24:31:24:Infinity":8,"b:25:4:25:Infinity:undefined:undefined:undefined:undefined":2,"s:25:4:25:Infinity":9,"s:25:33:25:Infinity":10,"s:28:16:31:Infinity":11,"s:32:18:32:Infinity":12,"f:32:32:32:37":1,"s:32:43:32:82":13,"b:32:50:32:61:32:61:32:72:32:72:32:81":3,"s:34:15:34:Infinity":14,"s:41:7:41:Infinity":15,"s:43:2:59:Infinity":16,"s:44:20:44:Infinity":17,"b:44:44:44:59:44:59:44:Infinity":4,"b:45:4:45:Infinity:undefined:undefined:undefined:undefined":5,"s:45:4:45:Infinity":18,"s:45:27:45:Infinity":19,"s:46:4:46:Infinity":20,"s:48:19:50:Infinity":21,"s:52:4:58:Infinity":22,"b:54:12:54:36:54:36:54:Infinity":6,"s:61:2:61:Infinity":23},"fnNames":{}}}
,"D:\\iin house\\iin house\\src\\app\\api\\creator\\stats\\route.ts": {"path":"D:\\iin house\\iin house\\src\\app\\api\\creator\\stats\\route.ts","statementMap":{"0":{"start":{"line":8,"column":18},"end":{"line":8,"column":null}},"1":{"start":{"line":9,"column":2},"end":{"line":11,"column":null}},"2":{"start":{"line":10,"column":4},"end":{"line":10,"column":null}},"3":{"start":{"line":13,"column":17},"end":{"line":13,"column":null}},"4":{"start":{"line":14,"column":2},"end":{"line":14,"column":null}},"5":{"start":{"line":14,"column":14},"end":{"line":14,"column":null}},"6":{"start":{"line":16,"column":2},"end":{"line":60,"column":null}},"7":{"start":{"line":17,"column":20},"end":{"line":19,"column":null}},"8":{"start":{"line":20,"column":4},"end":{"line":20,"column":null}},"9":{"start":{"line":20,"column":18},"end":{"line":20,"column":null}},"10":{"start":{"line":22,"column":30},"end":{"line":25,"column":null}},"11":{"start":{"line":26,"column":26},"end":{"line":26,"column":null}},"12":{"start":{"line":26,"column":55},"end":{"line":26,"column":59}},"13":{"start":{"line":28,"column":73},"end":{"line":45,"column":null}},"14":{"start":{"line":47,"column":4},"end":{"line":57,"column":null}},"15":{"start":{"line":53,"column":41},"end":{"line":56,"column":8}},"16":{"start":{"line":59,"column":4},"end":{"line":59,"column":null}}},"fnMap":{"0":{"name":"GET","decl":{"start":{"line":7,"column":22},"end":{"line":7,"column":26}},"loc":{"start":{"line":7,"column":45},"end":{"line":61,"column":null}},"line":7},"1":{"name":"(anonymous_1)","decl":{"start":{"line":26,"column":44},"end":{"line":26,"column":49}},"loc":{"start":{"line":26,"column":55},"end":{"line":26,"column":59}},"line":26},"2":{"name":"(anonymous_2)","decl":{"start":{"line":53,"column":29},"end":{"line":53,"column":34}},"loc":{"start":{"line":53,"column":41},"end":{"line":56,"column":8}},"line":53}},"branchMap":{"0":{"loc":{"start":{"line":9,"column":2},"end":{"line":11,"column":null}},"type":"if","locations":[{"start":{"line":9,"column":2},"end":{"line":11,"column":null}},{"start":{},"end":{}}],"line":9},"1":{"loc":{"start":{"line":9,"column":6},"end":{"line":9,"column":66}},"type":"binary-expr","locations":[{"start":{"line":9,"column":6},"end":{"line":9,"column":25}},{"start":{"line":9,"column":25},"end":{"line":9,"column":66}}],"line":9},"2":{"loc":{"start":{"line":14,"column":2},"end":{"line":14,"column":null}},"type":"if","locations":[{"start":{"line":14,"column":2},"end":{"line":14,"column":null}},{"start":{},"end":{}}],"line":14},"3":{"loc":{"start":{"line":20,"column":4},"end":{"line":20,"column":null}},"type":"if","locations":[{"start":{"line":20,"column":4},"end":{"line":20,"column":null}},{"start":{},"end":{}}],"line":20},"4":{"loc":{"start":{"line":50,"column":25},"end":{"line":50,"column":52}},"type":"binary-expr","locations":[{"start":{"line":50,"column":25},"end":{"line":50,"column":51}},{"start":{"line":50,"column":51},"end":{"line":50,"column":52}}],"line":50},"5":{"loc":{"start":{"line":51,"column":27},"end":{"line":51,"column":56}},"type":"binary-expr","locations":[{"start":{"line":51,"column":27},"end":{"line":51,"column":55}},{"start":{"line":51,"column":55},"end":{"line":51,"column":56}}],"line":51},"6":{"loc":{"start":{"line":52,"column":27},"end":{"line":52,"column":54}},"type":"binary-expr","locations":[{"start":{"line":52,"column":27},"end":{"line":52,"column":53}},{"start":{"line":52,"column":53},"end":{"line":52,"column":54}}],"line":52},"7":{"loc":{"start":{"line":52,"column":65},"end":{"line":52,"column":94}},"type":"binary-expr","locations":[{"start":{"line":52,"column":65},"end":{"line":52,"column":93}},{"start":{"line":52,"column":93},"end":{"line":52,"column":94}}],"line":52},"8":{"loc":{"start":{"line":54,"column":15},"end":{"line":54,"column":null}},"type":"binary-expr","locations":[{"start":{"line":54,"column":15},"end":{"line":54,"column":37}},{"start":{"line":54,"column":37},"end":{"line":54,"column":null}}],"line":54}},"s":{"0":0,"1":0,"2":0,"3":0,"4":0,"5":0,"6":0,"7":0,"8":0,"9":0,"10":0,"11":0,"12":0,"13":0,"14":0,"15":0,"16":0},"f":{"0":0,"1":0,"2":0},"b":{"0":[0,0],"1":[0,0],"2":[0,0],"3":[0,0],"4":[0,0],"5":[0,0],"6":[0,0],"7":[0,0],"8":[0,0]},"meta":{"lastBranch":9,"lastFunction":3,"lastStatement":17,"seen":{"f:7:22:7:26":0,"s:8:18:8:Infinity":0,"b:9:2:11:Infinity:undefined:undefined:undefined:undefined":0,"s:9:2:11:Infinity":1,"b:9:6:9:25:9:25:9:66":1,"s:10:4:10:Infinity":2,"s:13:17:13:Infinity":3,"b:14:2:14:Infinity:undefined:undefined:undefined:undefined":2,"s:14:2:14:Infinity":4,"s:14:14:14:Infinity":5,"s:16:2:60:Infinity":6,"s:17:20:19:Infinity":7,"b:20:4:20:Infinity:undefined:undefined:undefined:undefined":3,"s:20:4:20:Infinity":8,"s:20:18:20:Infinity":9,"s:22:30:25:Infinity":10,"s:26:26:26:Infinity":11,"f:26:44:26:49":1,"s:26:55:26:59":12,"s:28:73:45:Infinity":13,"s:47:4:57:Infinity":14,"b:50:25:50:51:50:51:50:52":4,"b:51:27:51:55:51:55:51:56":5,"b:52:27:52:53:52:53:52:54":6,"b:52:65:52:93:52:93:52:94":7,"f:53:29:53:34":2,"s:53:41:56:8":15,"b:54:15:54:37:54:37:54:Infinity":8,"s:59:4:59:Infinity":16},"fnNames":{}}}
,"D:\\iin house\\iin house\\src\\app\\api\\cron\\publish-scheduled\\route.ts": {"path":"D:\\iin house\\iin house\\src\\app\\api\\cron\\publish-scheduled\\route.ts","statementMap":{"0":{"start":{"line":8,"column":20},"end":{"line":8,"column":null}},"1":{"start":{"line":11,"column":2},"end":{"line":41,"column":null}},"2":{"start":{"line":13,"column":20},"end":{"line":13,"column":null}},"3":{"start":{"line":14,"column":20},"end":{"line":14,"column":null}},"4":{"start":{"line":15,"column":23},"end":{"line":15,"column":null}},"5":{"start":{"line":16,"column":19},"end":{"line":16,"column":null}},"6":{"start":{"line":18,"column":4},"end":{"line":20,"column":null}},"7":{"start":{"line":19,"column":6},"end":{"line":19,"column":null}},"8":{"start":{"line":22,"column":16},"end":{"line":22,"column":null}},"9":{"start":{"line":23,"column":22},"end":{"line":29,"column":null}},"10":{"start":{"line":31,"column":4},"end":{"line":36,"column":null}},"11":{"start":{"line":32,"column":6},"end":{"line":35,"column":null}},"12":{"start":{"line":38,"column":4},"end":{"line":38,"column":null}},"13":{"start":{"line":40,"column":4},"end":{"line":40,"column":null}}},"fnMap":{"0":{"name":"POST","decl":{"start":{"line":10,"column":22},"end":{"line":10,"column":27}},"loc":{"start":{"line":10,"column":45},"end":{"line":42,"column":null}},"line":10}},"branchMap":{"0":{"loc":{"start":{"line":14,"column":20},"end":{"line":14,"column":null}},"type":"binary-expr","locations":[{"start":{"line":14,"column":20},"end":{"line":14,"column":38}},{"start":{"line":14,"column":38},"end":{"line":14,"column":null}}],"line":14},"1":{"loc":{"start":{"line":18,"column":4},"end":{"line":20,"column":null}},"type":"if","locations":[{"start":{"line":18,"column":4},"end":{"line":20,"column":null}},{"start":{},"end":{}}],"line":18},"2":{"loc":{"start":{"line":18,"column":8},"end":{"line":18,"column":29}},"type":"binary-expr","locations":[{"start":{"line":18,"column":8},"end":{"line":18,"column":20}},{"start":{"line":18,"column":20},"end":{"line":18,"column":29}}],"line":18},"3":{"loc":{"start":{"line":40,"column":38},"end":{"line":40,"column":60}},"type":"binary-expr","locations":[{"start":{"line":40,"column":38},"end":{"line":40,"column":51}},{"start":{"line":40,"column":51},"end":{"line":40,"column":60}}],"line":40}},"s":{"0":0,"1":0,"2":0,"3":0,"4":0,"5":0,"6":0,"7":0,"8":0,"9":0,"10":0,"11":0,"12":0,"13":0},"f":{"0":0},"b":{"0":[0,0],"1":[0,0],"2":[0,0],"3":[0,0]},"meta":{"lastBranch":4,"lastFunction":1,"lastStatement":14,"seen":{"s:8:20:8:Infinity":0,"f:10:22:10:27":0,"s:11:2:41:Infinity":1,"s:13:20:13:Infinity":2,"s:14:20:14:Infinity":3,"b:14:20:14:38:14:38:14:Infinity":0,"s:15:23:15:Infinity":4,"s:16:19:16:Infinity":5,"b:18:4:20:Infinity:undefined:undefined:undefined:undefined":1,"s:18:4:20:Infinity":6,"b:18:8:18:20:18:20:18:29":2,"s:19:6:19:Infinity":7,"s:22:16:22:Infinity":8,"s:23:22:29:Infinity":9,"s:31:4:36:Infinity":10,"s:32:6:35:Infinity":11,"s:38:4:38:Infinity":12,"s:40:4:40:Infinity":13,"b:40:38:40:51:40:51:40:60":3},"fnNames":{}}}
,"D:\\iin house\\iin house\\src\\app\\api\\drm\\license\\route.ts": {"path":"D:\\iin house\\iin house\\src\\app\\api\\drm\\license\\route.ts","statementMap":{"0":{"start":{"line":8,"column":18},"end":{"line":8,"column":null}},"1":{"start":{"line":9,"column":2},"end":{"line":9,"column":null}},"2":{"start":{"line":9,"column":22},"end":{"line":9,"column":null}},"3":{"start":{"line":11,"column":27},"end":{"line":11,"column":null}},"4":{"start":{"line":12,"column":20},"end":{"line":12,"column":null}},"5":{"start":{"line":13,"column":20},"end":{"line":13,"column":null}},"6":{"start":{"line":15,"column":2},"end":{"line":15,"column":null}},"7":{"start":{"line":15,"column":18},"end":{"line":15,"column":null}},"8":{"start":{"line":18,"column":15},"end":{"line":18,"column":null}},"9":{"start":{"line":19,"column":2},"end":{"line":19,"column":null}},"10":{"start":{"line":19,"column":13},"end":{"line":19,"column":null}},"11":{"start":{"line":22,"column":2},"end":{"line":36,"column":null}},"12":{"start":{"line":23,"column":22},"end":{"line":25,"column":null}},"13":{"start":{"line":26,"column":4},"end":{"line":26,"column":null}},"14":{"start":{"line":26,"column":20},"end":{"line":26,"column":null}},"15":{"start":{"line":27,"column":9},"end":{"line":36,"column":null}},"16":{"start":{"line":28,"column":23},"end":{"line":34,"column":null}},"17":{"start":{"line":35,"column":4},"end":{"line":35,"column":null}},"18":{"start":{"line":35,"column":21},"end":{"line":35,"column":null}},"19":{"start":{"line":38,"column":2},"end":{"line":45,"column":null}},"20":{"start":{"line":39,"column":27},"end":{"line":39,"column":null}},"21":{"start":{"line":40,"column":16},"end":{"line":40,"column":null}},"22":{"start":{"line":41,"column":20},"end":{"line":41,"column":null}},"23":{"start":{"line":42,"column":4},"end":{"line":42,"column":null}},"24":{"start":{"line":44,"column":4},"end":{"line":44,"column":null}}},"fnMap":{"0":{"name":"POST","decl":{"start":{"line":7,"column":22},"end":{"line":7,"column":27}},"loc":{"start":{"line":7,"column":45},"end":{"line":46,"column":null}},"line":7}},"branchMap":{"0":{"loc":{"start":{"line":9,"column":2},"end":{"line":9,"column":null}},"type":"if","locations":[{"start":{"line":9,"column":2},"end":{"line":9,"column":null}},{"start":{},"end":{}}],"line":9},"1":{"loc":{"start":{"line":13,"column":20},"end":{"line":13,"column":null}},"type":"binary-expr","locations":[{"start":{"line":13,"column":20},"end":{"line":13,"column":47}},{"start":{"line":13,"column":47},"end":{"line":13,"column":null}}],"line":13},"2":{"loc":{"start":{"line":15,"column":2},"end":{"line":15,"column":null}},"type":"if","locations":[{"start":{"line":15,"column":2},"end":{"line":15,"column":null}},{"start":{},"end":{}}],"line":15},"3":{"loc":{"start":{"line":19,"column":2},"end":{"line":19,"column":null}},"type":"if","locations":[{"start":{"line":19,"column":2},"end":{"line":19,"column":null}},{"start":{},"end":{}}],"line":19},"4":{"loc":{"start":{"line":22,"column":2},"end":{"line":36,"column":null}},"type":"if","locations":[{"start":{"line":22,"column":2},"end":{"line":36,"column":null}},{"start":{"line":27,"column":9},"end":{"line":36,"column":null}}],"line":22},"5":{"loc":{"start":{"line":26,"column":4},"end":{"line":26,"column":null}},"type":"if","locations":[{"start":{"line":26,"column":4},"end":{"line":26,"column":null}},{"start":{},"end":{}}],"line":26},"6":{"loc":{"start":{"line":27,"column":9},"end":{"line":36,"column":null}},"type":"if","locations":[{"start":{"line":27,"column":9},"end":{"line":36,"column":null}},{"start":{},"end":{}}],"line":27},"7":{"loc":{"start":{"line":35,"column":4},"end":{"line":35,"column":null}},"type":"if","locations":[{"start":{"line":35,"column":4},"end":{"line":35,"column":null}},{"start":{},"end":{}}],"line":35},"8":{"loc":{"start":{"line":40,"column":31},"end":{"line":40,"column":64}},"type":"binary-expr","locations":[{"start":{"line":40,"column":31},"end":{"line":40,"column":59}},{"start":{"line":40,"column":59},"end":{"line":40,"column":64}}],"line":40},"9":{"loc":{"start":{"line":44,"column":38},"end":{"line":44,"column":76}},"type":"binary-expr","locations":[{"start":{"line":44,"column":38},"end":{"line":44,"column":51}},{"start":{"line":44,"column":51},"end":{"line":44,"column":76}}],"line":44}},"s":{"0":0,"1":0,"2":0,"3":0,"4":0,"5":0,"6":0,"7":0,"8":0,"9":0,"10":0,"11":0,"12":0,"13":0,"14":0,"15":0,"16":0,"17":0,"18":0,"19":0,"20":0,"21":0,"22":0,"23":0,"24":0},"f":{"0":0},"b":{"0":[0,0],"1":[0,0],"2":[0,0],"3":[0,0],"4":[0,0],"5":[0,0],"6":[0,0],"7":[0,0],"8":[0,0],"9":[0,0]},"meta":{"lastBranch":10,"lastFunction":1,"lastStatement":25,"seen":{"f:7:22:7:27":0,"s:8:18:8:Infinity":0,"b:9:2:9:Infinity:undefined:undefined:undefined:undefined":0,"s:9:2:9:Infinity":1,"s:9:22:9:Infinity":2,"s:11:27:11:Infinity":3,"s:12:20:12:Infinity":4,"s:13:20:13:Infinity":5,"b:13:20:13:47:13:47:13:Infinity":1,"b:15:2:15:Infinity:undefined:undefined:undefined:undefined":2,"s:15:2:15:Infinity":6,"s:15:18:15:Infinity":7,"s:18:15:18:Infinity":8,"b:19:2:19:Infinity:undefined:undefined:undefined:undefined":3,"s:19:2:19:Infinity":9,"s:19:13:19:Infinity":10,"b:22:2:36:Infinity:27:9:36:Infinity":4,"s:22:2:36:Infinity":11,"s:23:22:25:Infinity":12,"b:26:4:26:Infinity:undefined:undefined:undefined:undefined":5,"s:26:4:26:Infinity":13,"s:26:20:26:Infinity":14,"b:27:9:36:Infinity:undefined:undefined:undefined:undefined":6,"s:27:9:36:Infinity":15,"s:28:23:34:Infinity":16,"b:35:4:35:Infinity:undefined:undefined:undefined:undefined":7,"s:35:4:35:Infinity":17,"s:35:21:35:Infinity":18,"s:38:2:45:Infinity":19,"s:39:27:39:Infinity":20,"s:40:16:40:Infinity":21,"b:40:31:40:59:40:59:40:64":8,"s:41:20:41:Infinity":22,"s:42:4:42:Infinity":23,"s:44:4:44:Infinity":24,"b:44:38:44:51:44:51:44:76":9},"fnNames":{}}}
,"D:\\iin house\\iin house\\src\\app\\api\\flags\\route.ts": {"path":"D:\\iin house\\iin house\\src\\app\\api\\flags\\route.ts","statementMap":{"0":{"start":{"line":8,"column":19},"end":{"line":11,"column":null}},"1":{"start":{"line":14,"column":18},"end":{"line":14,"column":null}},"2":{"start":{"line":15,"column":2},"end":{"line":17,"column":null}},"3":{"start":{"line":16,"column":4},"end":{"line":16,"column":null}},"4":{"start":{"line":19,"column":2},"end":{"line":47,"column":null}},"5":{"start":{"line":20,"column":17},"end":{"line":20,"column":null}},"6":{"start":{"line":21,"column":19},"end":{"line":21,"column":null}},"7":{"start":{"line":22,"column":4},"end":{"line":24,"column":null}},"8":{"start":{"line":23,"column":6},"end":{"line":23,"column":null}},"9":{"start":{"line":26,"column":34},"end":{"line":26,"column":null}},"10":{"start":{"line":28,"column":4},"end":{"line":35,"column":null}},"11":{"start":{"line":37,"column":4},"end":{"line":42,"column":null}},"12":{"start":{"line":44,"column":4},"end":{"line":44,"column":null}},"13":{"start":{"line":46,"column":4},"end":{"line":46,"column":null}}},"fnMap":{"0":{"name":"POST","decl":{"start":{"line":13,"column":22},"end":{"line":13,"column":27}},"loc":{"start":{"line":13,"column":45},"end":{"line":48,"column":null}},"line":13}},"branchMap":{"0":{"loc":{"start":{"line":15,"column":2},"end":{"line":17,"column":null}},"type":"if","locations":[{"start":{"line":15,"column":2},"end":{"line":17,"column":null}},{"start":{},"end":{}}],"line":15},"1":{"loc":{"start":{"line":22,"column":4},"end":{"line":24,"column":null}},"type":"if","locations":[{"start":{"line":22,"column":4},"end":{"line":24,"column":null}},{"start":{},"end":{}}],"line":22},"2":{"loc":{"start":{"line":46,"column":38},"end":{"line":46,"column":75}},"type":"binary-expr","locations":[{"start":{"line":46,"column":38},"end":{"line":46,"column":51}},{"start":{"line":46,"column":51},"end":{"line":46,"column":75}}],"line":46}},"s":{"0":0,"1":0,"2":0,"3":0,"4":0,"5":0,"6":0,"7":0,"8":0,"9":0,"10":0,"11":0,"12":0,"13":0},"f":{"0":0},"b":{"0":[0,0],"1":[0,0],"2":[0,0]},"meta":{"lastBranch":3,"lastFunction":1,"lastStatement":14,"seen":{"s:8:19:11:Infinity":0,"f:13:22:13:27":0,"s:14:18:14:Infinity":1,"b:15:2:17:Infinity:undefined:undefined:undefined:undefined":0,"s:15:2:17:Infinity":2,"s:16:4:16:Infinity":3,"s:19:2:47:Infinity":4,"s:20:17:20:Infinity":5,"s:21:19:21:Infinity":6,"b:22:4:24:Infinity:undefined:undefined:undefined:undefined":1,"s:22:4:24:Infinity":7,"s:23:6:23:Infinity":8,"s:26:34:26:Infinity":9,"s:28:4:35:Infinity":10,"s:37:4:42:Infinity":11,"s:44:4:44:Infinity":12,"s:46:4:46:Infinity":13,"b:46:38:46:51:46:51:46:75":2},"fnNames":{}}}
,"D:\\iin house\\iin house\\src\\app\\api\\health\\route.ts": {"path":"D:\\iin house\\iin house\\src\\app\\api\\health\\route.ts","statementMap":{"0":{"start":{"line":4,"column":23},"end":{"line":4,"column":null}},"1":{"start":{"line":7,"column":38},"end":{"line":11,"column":null}},"2":{"start":{"line":14,"column":2},"end":{"line":20,"column":null}},"3":{"start":{"line":15,"column":4},"end":{"line":15,"column":null}},"4":{"start":{"line":16,"column":4},"end":{"line":16,"column":null}},"5":{"start":{"line":18,"column":4},"end":{"line":18,"column":null}},"6":{"start":{"line":19,"column":4},"end":{"line":19,"column":null}},"7":{"start":{"line":23,"column":2},"end":{"line":28,"column":null}},"8":{"start":{"line":24,"column":36},"end":{"line":24,"column":null}},"9":{"start":{"line":25,"column":4},"end":{"line":25,"column":null}},"10":{"start":{"line":27,"column":4},"end":{"line":27,"column":null}},"11":{"start":{"line":30,"column":17},"end":{"line":30,"column":null}},"12":{"start":{"line":31,"column":2},"end":{"line":31,"column":null}}},"fnMap":{"0":{"name":"GET","decl":{"start":{"line":6,"column":22},"end":{"line":6,"column":28}},"loc":{"start":{"line":6,"column":28},"end":{"line":32,"column":null}},"line":6}},"branchMap":{"0":{"loc":{"start":{"line":25,"column":40},"end":{"line":25,"column":88}},"type":"cond-expr","locations":[{"start":{"line":25,"column":64},"end":{"line":25,"column":71}},{"start":{"line":25,"column":71},"end":{"line":25,"column":88}}],"line":25},"1":{"loc":{"start":{"line":30,"column":17},"end":{"line":30,"column":null}},"type":"cond-expr","locations":[{"start":{"line":30,"column":42},"end":{"line":30,"column":48}},{"start":{"line":30,"column":48},"end":{"line":30,"column":null}}],"line":30}},"s":{"0":0,"1":0,"2":0,"3":0,"4":0,"5":0,"6":0,"7":0,"8":0,"9":0,"10":0,"11":0,"12":0},"f":{"0":0},"b":{"0":[0,0],"1":[0,0]},"meta":{"lastBranch":2,"lastFunction":1,"lastStatement":13,"seen":{"s:4:23:4:Infinity":0,"f:6:22:6:28":0,"s:7:38:11:Infinity":1,"s:14:2:20:Infinity":2,"s:15:4:15:Infinity":3,"s:16:4:16:Infinity":4,"s:18:4:18:Infinity":5,"s:19:4:19:Infinity":6,"s:23:2:28:Infinity":7,"s:24:36:24:Infinity":8,"s:25:4:25:Infinity":9,"b:25:64:25:71:25:71:25:88":0,"s:27:4:27:Infinity":10,"s:30:17:30:Infinity":11,"b:30:42:30:48:30:48:30:Infinity":1,"s:31:2:31:Infinity":12},"fnNames":{}}}
,"D:\\iin house\\iin house\\src\\app\\api\\kyc\\upload\\route.ts": {"path":"D:\\iin house\\iin house\\src\\app\\api\\kyc\\upload\\route.ts","statementMap":{"0":{"start":{"line":7,"column":22},"end":{"line":7,"column":null}},"1":{"start":{"line":9,"column":21},"end":{"line":12,"column":null}},"2":{"start":{"line":15,"column":18},"end":{"line":15,"column":null}},"3":{"start":{"line":16,"column":2},"end":{"line":18,"column":null}},"4":{"start":{"line":17,"column":4},"end":{"line":17,"column":null}},"5":{"start":{"line":20,"column":2},"end":{"line":49,"column":null}},"6":{"start":{"line":21,"column":17},"end":{"line":21,"column":null}},"7":{"start":{"line":22,"column":19},"end":{"line":22,"column":null}},"8":{"start":{"line":23,"column":4},"end":{"line":25,"column":null}},"9":{"start":{"line":24,"column":6},"end":{"line":24,"column":null}},"10":{"start":{"line":27,"column":20},"end":{"line":27,"column":null}},"11":{"start":{"line":30,"column":16},"end":{"line":37,"column":null}},"12":{"start":{"line":40,"column":4},"end":{"line":43,"column":null}},"13":{"start":{"line":45,"column":4},"end":{"line":45,"column":null}},"14":{"start":{"line":47,"column":4},"end":{"line":47,"column":null}},"15":{"start":{"line":48,"column":4},"end":{"line":48,"column":null}},"16":{"start":{"line":53,"column":18},"end":{"line":53,"column":null}},"17":{"start":{"line":54,"column":2},"end":{"line":56,"column":null}},"18":{"start":{"line":55,"column":4},"end":{"line":55,"column":null}},"19":{"start":{"line":58,"column":2},"end":{"line":78,"column":null}},"20":{"start":{"line":59,"column":20},"end":{"line":59,"column":null}},"21":{"start":{"line":60,"column":22},"end":{"line":73,"column":null}},"22":{"start":{"line":75,"column":4},"end":{"line":75,"column":null}},"23":{"start":{"line":77,"column":4},"end":{"line":77,"column":null}}},"fnMap":{"0":{"name":"POST","decl":{"start":{"line":14,"column":22},"end":{"line":14,"column":27}},"loc":{"start":{"line":14,"column":45},"end":{"line":50,"column":null}},"line":14},"1":{"name":"GET","decl":{"start":{"line":52,"column":22},"end":{"line":52,"column":26}},"loc":{"start":{"line":52,"column":44},"end":{"line":79,"column":null}},"line":52}},"branchMap":{"0":{"loc":{"start":{"line":16,"column":2},"end":{"line":18,"column":null}},"type":"if","locations":[{"start":{"line":16,"column":2},"end":{"line":18,"column":null}},{"start":{},"end":{}}],"line":16},"1":{"loc":{"start":{"line":23,"column":4},"end":{"line":25,"column":null}},"type":"if","locations":[{"start":{"line":23,"column":4},"end":{"line":25,"column":null}},{"start":{},"end":{}}],"line":23},"2":{"loc":{"start":{"line":48,"column":38},"end":{"line":48,"column":60}},"type":"binary-expr","locations":[{"start":{"line":48,"column":38},"end":{"line":48,"column":51}},{"start":{"line":48,"column":51},"end":{"line":48,"column":60}}],"line":48},"3":{"loc":{"start":{"line":54,"column":2},"end":{"line":56,"column":null}},"type":"if","locations":[{"start":{"line":54,"column":2},"end":{"line":56,"column":null}},{"start":{},"end":{}}],"line":54},"4":{"loc":{"start":{"line":77,"column":38},"end":{"line":77,"column":60}},"type":"binary-expr","locations":[{"start":{"line":77,"column":38},"end":{"line":77,"column":51}},{"start":{"line":77,"column":51},"end":{"line":77,"column":60}}],"line":77}},"s":{"0":0,"1":0,"2":0,"3":0,"4":0,"5":0,"6":0,"7":0,"8":0,"9":0,"10":0,"11":0,"12":0,"13":0,"14":0,"15":0,"16":0,"17":0,"18":0,"19":0,"20":0,"21":0,"22":0,"23":0},"f":{"0":0,"1":0},"b":{"0":[0,0],"1":[0,0],"2":[0,0],"3":[0,0],"4":[0,0]},"meta":{"lastBranch":5,"lastFunction":2,"lastStatement":24,"seen":{"s:7:22:7:Infinity":0,"s:9:21:12:Infinity":1,"f:14:22:14:27":0,"s:15:18:15:Infinity":2,"b:16:2:18:Infinity:undefined:undefined:undefined:undefined":0,"s:16:2:18:Infinity":3,"s:17:4:17:Infinity":4,"s:20:2:49:Infinity":5,"s:21:17:21:Infinity":6,"s:22:19:22:Infinity":7,"b:23:4:25:Infinity:undefined:undefined:undefined:undefined":1,"s:23:4:25:Infinity":8,"s:24:6:24:Infinity":9,"s:27:20:27:Infinity":10,"s:30:16:37:Infinity":11,"s:40:4:43:Infinity":12,"s:45:4:45:Infinity":13,"s:47:4:47:Infinity":14,"s:48:4:48:Infinity":15,"b:48:38:48:51:48:51:48:60":2,"f:52:22:52:26":1,"s:53:18:53:Infinity":16,"b:54:2:56:Infinity:undefined:undefined:undefined:undefined":3,"s:54:2:56:Infinity":17,"s:55:4:55:Infinity":18,"s:58:2:78:Infinity":19,"s:59:20:59:Infinity":20,"s:60:22:73:Infinity":21,"s:75:4:75:Infinity":22,"s:77:4:77:Infinity":23,"b:77:38:77:51:77:51:77:60":4},"fnNames":{}}}
,"D:\\iin house\\iin house\\src\\app\\api\\me\\route.ts": {"path":"D:\\iin house\\iin house\\src\\app\\api\\me\\route.ts","statementMap":{"0":{"start":{"line":7,"column":18},"end":{"line":7,"column":null}},"1":{"start":{"line":8,"column":2},"end":{"line":10,"column":null}},"2":{"start":{"line":9,"column":4},"end":{"line":9,"column":null}},"3":{"start":{"line":12,"column":15},"end":{"line":15,"column":null}},"4":{"start":{"line":17,"column":2},"end":{"line":17,"column":null}}},"fnMap":{"0":{"name":"GET","decl":{"start":{"line":6,"column":22},"end":{"line":6,"column":26}},"loc":{"start":{"line":6,"column":45},"end":{"line":18,"column":null}},"line":6}},"branchMap":{"0":{"loc":{"start":{"line":8,"column":2},"end":{"line":10,"column":null}},"type":"if","locations":[{"start":{"line":8,"column":2},"end":{"line":10,"column":null}},{"start":{},"end":{}}],"line":8}},"s":{"0":0,"1":0,"2":0,"3":0,"4":0},"f":{"0":0},"b":{"0":[0,0]},"meta":{"lastBranch":1,"lastFunction":1,"lastStatement":5,"seen":{"f:6:22:6:26":0,"s:7:18:7:Infinity":0,"b:8:2:10:Infinity:undefined:undefined:undefined:undefined":0,"s:8:2:10:Infinity":1,"s:9:4:9:Infinity":2,"s:12:15:15:Infinity":3,"s:17:2:17:Infinity":4},"fnNames":{}}}
,"D:\\iin house\\iin house\\src\\app\\api\\media\\route.ts": {"path":"D:\\iin house\\iin house\\src\\app\\api\\media\\route.ts","statementMap":{"0":{"start":{"line":8,"column":18},"end":{"line":8,"column":null}},"1":{"start":{"line":9,"column":2},"end":{"line":9,"column":null}},"2":{"start":{"line":9,"column":22},"end":{"line":9,"column":null}},"3":{"start":{"line":11,"column":27},"end":{"line":11,"column":null}},"4":{"start":{"line":12,"column":14},"end":{"line":12,"column":null}},"5":{"start":{"line":13,"column":2},"end":{"line":13,"column":null}},"6":{"start":{"line":13,"column":12},"end":{"line":13,"column":null}},"7":{"start":{"line":16,"column":15},"end":{"line":19,"column":null}},"8":{"start":{"line":21,"column":2},"end":{"line":23,"column":null}},"9":{"start":{"line":22,"column":4},"end":{"line":22,"column":null}},"10":{"start":{"line":25,"column":18},"end":{"line":25,"column":null}},"11":{"start":{"line":26,"column":20},"end":{"line":26,"column":null}},"12":{"start":{"line":29,"column":2},"end":{"line":40,"column":null}},"13":{"start":{"line":30,"column":4},"end":{"line":35,"column":null}},"14":{"start":{"line":31,"column":23},"end":{"line":33,"column":null}},"15":{"start":{"line":34,"column":6},"end":{"line":34,"column":null}},"16":{"start":{"line":34,"column":21},"end":{"line":34,"column":null}},"17":{"start":{"line":36,"column":16},"end":{"line":38,"column":null}},"18":{"start":{"line":39,"column":4},"end":{"line":39,"column":null}},"19":{"start":{"line":39,"column":14},"end":{"line":39,"column":null}},"20":{"start":{"line":43,"column":2},"end":{"line":48,"column":null}},"21":{"start":{"line":44,"column":22},"end":{"line":44,"column":null}},"22":{"start":{"line":45,"column":4},"end":{"line":47,"column":null}},"23":{"start":{"line":46,"column":6},"end":{"line":46,"column":null}},"24":{"start":{"line":51,"column":2},"end":{"line":51,"column":null}},"25":{"start":{"line":55,"column":18},"end":{"line":55,"column":null}},"26":{"start":{"line":56,"column":2},"end":{"line":56,"column":null}},"27":{"start":{"line":56,"column":22},"end":{"line":56,"column":null}},"28":{"start":{"line":58,"column":15},"end":{"line":58,"column":null}},"29":{"start":{"line":58,"column":45},"end":{"line":58,"column":48}},"30":{"start":{"line":59,"column":26},"end":{"line":59,"column":null}},"31":{"start":{"line":60,"column":2},"end":{"line":60,"column":null}},"32":{"start":{"line":60,"column":20},"end":{"line":60,"column":null}},"33":{"start":{"line":62,"column":14},"end":{"line":62,"column":null}},"34":{"start":{"line":63,"column":14},"end":{"line":63,"column":null}},"35":{"start":{"line":66,"column":2},"end":{"line":71,"column":null}},"36":{"start":{"line":67,"column":19},"end":{"line":67,"column":null}},"37":{"start":{"line":68,"column":4},"end":{"line":70,"column":null}},"38":{"start":{"line":69,"column":6},"end":{"line":69,"column":null}},"39":{"start":{"line":74,"column":2},"end":{"line":74,"column":null}}},"fnMap":{"0":{"name":"GET","decl":{"start":{"line":7,"column":22},"end":{"line":7,"column":26}},"loc":{"start":{"line":7,"column":44},"end":{"line":52,"column":null}},"line":7},"1":{"name":"POST","decl":{"start":{"line":54,"column":22},"end":{"line":54,"column":27}},"loc":{"start":{"line":54,"column":45},"end":{"line":75,"column":null}},"line":54},"2":{"name":"(anonymous_2)","decl":{"start":{"line":58,"column":32},"end":{"line":58,"column":45}},"loc":{"start":{"line":58,"column":45},"end":{"line":58,"column":48}},"line":58}},"branchMap":{"0":{"loc":{"start":{"line":9,"column":2},"end":{"line":9,"column":null}},"type":"if","locations":[{"start":{"line":9,"column":2},"end":{"line":9,"column":null}},{"start":{},"end":{}}],"line":9},"1":{"loc":{"start":{"line":13,"column":2},"end":{"line":13,"column":null}},"type":"if","locations":[{"start":{"line":13,"column":2},"end":{"line":13,"column":null}},{"start":{},"end":{}}],"line":13},"2":{"loc":{"start":{"line":21,"column":2},"end":{"line":23,"column":null}},"type":"if","locations":[{"start":{"line":21,"column":2},"end":{"line":23,"column":null}},{"start":{},"end":{}}],"line":21},"3":{"loc":{"start":{"line":26,"column":20},"end":{"line":26,"column":null}},"type":"binary-expr","locations":[{"start":{"line":26,"column":20},"end":{"line":26,"column":55}},{"start":{"line":26,"column":55},"end":{"line":26,"column":null}}],"line":26},"4":{"loc":{"start":{"line":29,"column":2},"end":{"line":40,"column":null}},"type":"if","locations":[{"start":{"line":29,"column":2},"end":{"line":40,"column":null}},{"start":{},"end":{}}],"line":29},"5":{"loc":{"start":{"line":29,"column":6},"end":{"line":29,"column":30}},"type":"binary-expr","locations":[{"start":{"line":29,"column":6},"end":{"line":29,"column":18}},{"start":{"line":29,"column":18},"end":{"line":29,"column":30}}],"line":29},"6":{"loc":{"start":{"line":30,"column":4},"end":{"line":35,"column":null}},"type":"if","locations":[{"start":{"line":30,"column":4},"end":{"line":35,"column":null}},{"start":{},"end":{}}],"line":30},"7":{"loc":{"start":{"line":34,"column":6},"end":{"line":34,"column":null}},"type":"if","locations":[{"start":{"line":34,"column":6},"end":{"line":34,"column":null}},{"start":{},"end":{}}],"line":34},"8":{"loc":{"start":{"line":39,"column":4},"end":{"line":39,"column":null}},"type":"if","locations":[{"start":{"line":39,"column":4},"end":{"line":39,"column":null}},{"start":{},"end":{}}],"line":39},"9":{"loc":{"start":{"line":43,"column":2},"end":{"line":48,"column":null}},"type":"if","locations":[{"start":{"line":43,"column":2},"end":{"line":48,"column":null}},{"start":{},"end":{}}],"line":43},"10":{"loc":{"start":{"line":45,"column":4},"end":{"line":47,"column":null}},"type":"if","locations":[{"start":{"line":45,"column":4},"end":{"line":47,"column":null}},{"start":{},"end":{}}],"line":45},"11":{"loc":{"start":{"line":56,"column":2},"end":{"line":56,"column":null}},"type":"if","locations":[{"start":{"line":56,"column":2},"end":{"line":56,"column":null}},{"start":{},"end":{}}],"line":56},"12":{"loc":{"start":{"line":60,"column":2},"end":{"line":60,"column":null}},"type":"if","locations":[{"start":{"line":60,"column":2},"end":{"line":60,"column":null}},{"start":{},"end":{}}],"line":60},"13":{"loc":{"start":{"line":62,"column":14},"end":{"line":62,"column":null}},"type":"binary-expr","locations":[{"start":{"line":62,"column":14},"end":{"line":62,"column":43}},{"start":{"line":62,"column":43},"end":{"line":62,"column":null}}],"line":62},"14":{"loc":{"start":{"line":66,"column":2},"end":{"line":71,"column":null}},"type":"if","locations":[{"start":{"line":66,"column":2},"end":{"line":71,"column":null}},{"start":{},"end":{}}],"line":66},"15":{"loc":{"start":{"line":68,"column":4},"end":{"line":70,"column":null}},"type":"if","locations":[{"start":{"line":68,"column":4},"end":{"line":70,"column":null}},{"start":{},"end":{}}],"line":68}},"s":{"0":0,"1":0,"2":0,"3":0,"4":0,"5":0,"6":0,"7":0,"8":0,"9":0,"10":0,"11":0,"12":0,"13":0,"14":0,"15":0,"16":0,"17":0,"18":0,"19":0,"20":0,"21":0,"22":0,"23":0,"24":0,"25":0,"26":0,"27":0,"28":0,"29":0,"30":0,"31":0,"32":0,"33":0,"34":0,"35":0,"36":0,"37":0,"38":0,"39":0},"f":{"0":0,"1":0,"2":0},"b":{"0":[0,0],"1":[0,0],"2":[0,0],"3":[0,0],"4":[0,0],"5":[0,0],"6":[0,0],"7":[0,0],"8":[0,0],"9":[0,0],"10":[0,0],"11":[0,0],"12":[0,0],"13":[0,0],"14":[0,0],"15":[0,0]},"meta":{"lastBranch":16,"lastFunction":3,"lastStatement":40,"seen":{"f:7:22:7:26":0,"s:8:18:8:Infinity":0,"b:9:2:9:Infinity:undefined:undefined:undefined:undefined":0,"s:9:2:9:Infinity":1,"s:9:22:9:Infinity":2,"s:11:27:11:Infinity":3,"s:12:14:12:Infinity":4,"b:13:2:13:Infinity:undefined:undefined:undefined:undefined":1,"s:13:2:13:Infinity":5,"s:13:12:13:Infinity":6,"s:16:15:19:Infinity":7,"b:21:2:23:Infinity:undefined:undefined:undefined:undefined":2,"s:21:2:23:Infinity":8,"s:22:4:22:Infinity":9,"s:25:18:25:Infinity":10,"s:26:20:26:Infinity":11,"b:26:20:26:55:26:55:26:Infinity":3,"b:29:2:40:Infinity:undefined:undefined:undefined:undefined":4,"s:29:2:40:Infinity":12,"b:29:6:29:18:29:18:29:30":5,"b:30:4:35:Infinity:undefined:undefined:undefined:undefined":6,"s:30:4:35:Infinity":13,"s:31:23:33:Infinity":14,"b:34:6:34:Infinity:undefined:undefined:undefined:undefined":7,"s:34:6:34:Infinity":15,"s:34:21:34:Infinity":16,"s:36:16:38:Infinity":17,"b:39:4:39:Infinity:undefined:undefined:undefined:undefined":8,"s:39:4:39:Infinity":18,"s:39:14:39:Infinity":19,"b:43:2:48:Infinity:undefined:undefined:undefined:undefined":9,"s:43:2:48:Infinity":20,"s:44:22:44:Infinity":21,"b:45:4:47:Infinity:undefined:undefined:undefined:undefined":10,"s:45:4:47:Infinity":22,"s:46:6:46:Infinity":23,"s:51:2:51:Infinity":24,"f:54:22:54:27":1,"s:55:18:55:Infinity":25,"b:56:2:56:Infinity:undefined:undefined:undefined:undefined":11,"s:56:2:56:Infinity":26,"s:56:22:56:Infinity":27,"s:58:15:58:Infinity":28,"f:58:32:58:45":2,"s:58:45:58:48":29,"s:59:26:59:Infinity":30,"b:60:2:60:Infinity:undefined:undefined:undefined:undefined":12,"s:60:2:60:Infinity":31,"s:60:20:60:Infinity":32,"s:62:14:62:Infinity":33,"b:62:14:62:43:62:43:62:Infinity":13,"s:63:14:63:Infinity":34,"b:66:2:71:Infinity:undefined:undefined:undefined:undefined":14,"s:66:2:71:Infinity":35,"s:67:19:67:Infinity":36,"b:68:4:70:Infinity:undefined:undefined:undefined:undefined":15,"s:68:4:70:Infinity":37,"s:69:6:69:Infinity":38,"s:74:2:74:Infinity":39},"fnNames":{}}}
,"D:\\iin house\\iin house\\src\\app\\api\\media\\[key]\\route.ts": {"path":"D:\\iin house\\iin house\\src\\app\\api\\media\\[key]\\route.ts","statementMap":{"0":{"start":{"line":7,"column":27},"end":{"line":7,"column":null}},"1":{"start":{"line":8,"column":14},"end":{"line":8,"column":null}},"2":{"start":{"line":9,"column":17},"end":{"line":9,"column":null}},"3":{"start":{"line":10,"column":14},"end":{"line":10,"column":null}},"4":{"start":{"line":11,"column":13},"end":{"line":11,"column":null}},"5":{"start":{"line":13,"column":2},"end":{"line":13,"column":null}},"6":{"start":{"line":13,"column":12},"end":{"line":13,"column":null}},"7":{"start":{"line":16,"column":2},"end":{"line":19,"column":null}},"8":{"start":{"line":17,"column":18},"end":{"line":17,"column":null}},"9":{"start":{"line":18,"column":4},"end":{"line":18,"column":null}},"10":{"start":{"line":18,"column":16},"end":{"line":18,"column":null}},"11":{"start":{"line":21,"column":2},"end":{"line":35,"column":null}},"12":{"start":{"line":23,"column":19},"end":{"line":23,"column":null}},"13":{"start":{"line":24,"column":4},"end":{"line":32,"column":null}},"14":{"start":{"line":25,"column":6},"end":{"line":31,"column":null}},"15":{"start":{"line":38,"column":13},"end":{"line":38,"column":null}},"16":{"start":{"line":39,"column":15},"end":{"line":39,"column":null}},"17":{"start":{"line":40,"column":21},"end":{"line":40,"column":null}},"18":{"start":{"line":41,"column":19},"end":{"line":41,"column":null}},"19":{"start":{"line":42,"column":2},"end":{"line":42,"column":null}},"20":{"start":{"line":42,"column":32},"end":{"line":42,"column":null}},"21":{"start":{"line":44,"column":17},"end":{"line":44,"column":null}},"22":{"start":{"line":45,"column":2},"end":{"line":51,"column":null}}},"fnMap":{"0":{"name":"GET","decl":{"start":{"line":6,"column":22},"end":{"line":6,"column":26}},"loc":{"start":{"line":6,"column":44},"end":{"line":52,"column":null}},"line":6}},"branchMap":{"0":{"loc":{"start":{"line":13,"column":2},"end":{"line":13,"column":null}},"type":"if","locations":[{"start":{"line":13,"column":2},"end":{"line":13,"column":null}},{"start":{},"end":{}}],"line":13},"1":{"loc":{"start":{"line":16,"column":2},"end":{"line":19,"column":null}},"type":"if","locations":[{"start":{"line":16,"column":2},"end":{"line":19,"column":null}},{"start":{},"end":{}}],"line":16},"2":{"loc":{"start":{"line":16,"column":6},"end":{"line":16,"column":27}},"type":"binary-expr","locations":[{"start":{"line":16,"column":6},"end":{"line":16,"column":13}},{"start":{"line":16,"column":13},"end":{"line":16,"column":23}},{"start":{"line":16,"column":23},"end":{"line":16,"column":27}}],"line":16},"3":{"loc":{"start":{"line":18,"column":4},"end":{"line":18,"column":null}},"type":"if","locations":[{"start":{"line":18,"column":4},"end":{"line":18,"column":null}},{"start":{},"end":{}}],"line":18},"4":{"loc":{"start":{"line":24,"column":4},"end":{"line":32,"column":null}},"type":"if","locations":[{"start":{"line":24,"column":4},"end":{"line":32,"column":null}},{"start":{},"end":{}}],"line":24},"5":{"loc":{"start":{"line":41,"column":41},"end":{"line":41,"column":67}},"type":"binary-expr","locations":[{"start":{"line":41,"column":41},"end":{"line":41,"column":65}},{"start":{"line":41,"column":65},"end":{"line":41,"column":67}}],"line":41},"6":{"loc":{"start":{"line":42,"column":2},"end":{"line":42,"column":null}},"type":"if","locations":[{"start":{"line":42,"column":2},"end":{"line":42,"column":null}},{"start":{},"end":{}}],"line":42}},"s":{"0":0,"1":0,"2":0,"3":0,"4":0,"5":0,"6":0,"7":0,"8":0,"9":0,"10":0,"11":0,"12":0,"13":0,"14":0,"15":0,"16":0,"17":0,"18":0,"19":0,"20":0,"21":0,"22":0},"f":{"0":0},"b":{"0":[0,0],"1":[0,0],"2":[0,0,0],"3":[0,0],"4":[0,0],"5":[0,0],"6":[0,0]},"meta":{"lastBranch":7,"lastFunction":1,"lastStatement":23,"seen":{"f:6:22:6:26":0,"s:7:27:7:Infinity":0,"s:8:14:8:Infinity":1,"s:9:17:9:Infinity":2,"s:10:14:10:Infinity":3,"s:11:13:11:Infinity":4,"b:13:2:13:Infinity:undefined:undefined:undefined:undefined":0,"s:13:2:13:Infinity":5,"s:13:12:13:Infinity":6,"b:16:2:19:Infinity:undefined:undefined:undefined:undefined":1,"s:16:2:19:Infinity":7,"b:16:6:16:13:16:13:16:23:16:23:16:27":2,"s:17:18:17:Infinity":8,"b:18:4:18:Infinity:undefined:undefined:undefined:undefined":3,"s:18:4:18:Infinity":9,"s:18:16:18:Infinity":10,"s:21:2:35:Infinity":11,"s:23:19:23:Infinity":12,"b:24:4:32:Infinity:undefined:undefined:undefined:undefined":4,"s:24:4:32:Infinity":13,"s:25:6:31:Infinity":14,"s:38:13:38:Infinity":15,"s:39:15:39:Infinity":16,"s:40:21:40:Infinity":17,"s:41:19:41:Infinity":18,"b:41:41:41:65:41:65:41:67":5,"b:42:2:42:Infinity:undefined:undefined:undefined:undefined":6,"s:42:2:42:Infinity":19,"s:42:32:42:Infinity":20,"s:44:17:44:Infinity":21,"s:45:2:51:Infinity":22},"fnNames":{}}}
[...]
ine":66,"column":22},"end":{"line":66,"column":35}},"loc":{"start":{"line":66,"column":63},"end":{"line":69,"column":null}},"line":66},"5":{"name":"objectExists","decl":{"start":{"line":74,"column":22},"end":{"line":74,"column":35}},"loc":{"start":{"line":74,"column":66},"end":{"line":82,"column":null}},"line":74},"6":{"name":"getPublicUrl","decl":{"start":{"line":87,"column":16},"end":{"line":87,"column":29}},"loc":{"start":{"line":87,"column":50},"end":{"line":90,"column":null}},"line":87},"7":{"name":"generateKey","decl":{"start":{"line":95,"column":16},"end":{"line":95,"column":28}},"loc":{"start":{"line":95,"column":70},"end":{"line":98,"column":null}},"line":95},"8":{"name":"isStorageConfigured","decl":{"start":{"line":100,"column":16},"end":{"line":100,"column":47}},"loc":{"start":{"line":100,"column":47},"end":{"line":102,"column":null}},"line":100}},"branchMap":{"0":{"loc":{"start":{"line":5,"column":12},"end":{"line":5,"column":null}},"type":"binary-expr","locations":[{"start":{"line":5,"column":12},"end":{"line":5,"column":39}},{"start":{"line":5,"column":39},"end":{"line":5,"column":null}}],"line":5},"1":{"loc":{"start":{"line":6,"column":10},"end":{"line":6,"column":null}},"type":"binary-expr","locations":[{"start":{"line":6,"column":10},"end":{"line":6,"column":35}},{"start":{"line":6,"column":35},"end":{"line":6,"column":null}}],"line":6},"2":{"loc":{"start":{"line":7,"column":15},"end":{"line":10,"column":null}},"type":"cond-expr","locations":[{"start":{"line":7,"column":72},"end":{"line":10,"column":6}},{"start":{"line":10,"column":6},"end":{"line":10,"column":null}}],"line":7},"3":{"loc":{"start":{"line":7,"column":15},"end":{"line":7,"column":72}},"type":"binary-expr","locations":[{"start":{"line":7,"column":15},"end":{"line":7,"column":44}},{"start":{"line":7,"column":44},"end":{"line":7,"column":72}}],"line":7},"4":{"loc":{"start":{"line":17,"column":12},"end":{"line":17,"column":null}},"type":"binary-expr","locations":[{"start":{"line":17,"column":12},"end":{"line":17,"column":22}},{"start":{"line":17,"column":22},"end":{"line":17,"column":51}},{"start":{"line":17,"column":51},"end":{"line":17,"column":80}},{"start":{"line":17,"column":80},"end":{"line":17,"column":null}}],"line":17},"5":{"loc":{"start":{"line":23,"column":75},"end":{"line":23,"column":111}},"type":"default-arg","locations":[{"start":{"line":23,"column":81},"end":{"line":23,"column":111}}],"line":23},"6":{"loc":{"start":{"line":24,"column":2},"end":{"line":24,"column":null}},"type":"if","locations":[{"start":{"line":24,"column":2},"end":{"line":24,"column":null}},{"start":{},"end":{}}],"line":24},"7":{"loc":{"start":{"line":38,"column":56},"end":{"line":38,"column":92}},"type":"default-arg","locations":[{"start":{"line":38,"column":62},"end":{"line":38,"column":92}}],"line":38},"8":{"loc":{"start":{"line":39,"column":2},"end":{"line":39,"column":null}},"type":"if","locations":[{"start":{"line":39,"column":2},"end":{"line":39,"column":null}},{"start":{},"end":{}}],"line":39},"9":{"loc":{"start":{"line":53,"column":2},"end":{"line":53,"column":null}},"type":"if","locations":[{"start":{"line":53,"column":2},"end":{"line":53,"column":null}},{"start":{},"end":{}}],"line":53},"10":{"loc":{"start":{"line":56,"column":2},"end":{"line":56,"column":null}},"type":"if","locations":[{"start":{"line":56,"column":2},"end":{"line":56,"column":null}},{"start":{},"end":{}}],"line":56},"11":{"loc":{"start":{"line":59,"column":2},"end":{"line":59,"column":null}},"type":"if","locations":[{"start":{"line":59,"column":2},"end":{"line":59,"column":null}},{"start":{},"end":{}}],"line":59},"12":{"loc":{"start":{"line":59,"column":6},"end":{"line":59,"column":28}},"type":"binary-expr","locations":[{"start":{"line":59,"column":6},"end":{"line":59,"column":17}},{"start":{"line":59,"column":17},"end":{"line":59,"column":28}}],"line":59},"13":{"loc":{"start":{"line":67,"column":2},"end":{"line":67,"column":null}},"type":"if","locations":[{"start":{"line":67,"column":2},"end":{"line":67,"column":null}},{"start":{},"end":{}}],"line":67},"14":{"loc":{"start":{"line":75,"column":2},"end":{"line":75,"column":null}},"type":"if","locations":[{"start":{"line":75,"column":2},"end":{"line":75,"column":null}},{"start":{},"end":{}}],"line":75},"15":{"loc":{"start":{"line":88,"column":2},"end":{"line":88,"column":null}},"type":"if","locations":[{"start":{"line":88,"column":2},"end":{"line":88,"column":null}},{"start":{},"end":{}}],"line":88},"16":{"loc":{"start":{"line":96,"column":14},"end":{"line":96,"column":null}},"type":"binary-expr","locations":[{"start":{"line":96,"column":14},"end":{"line":96,"column":58}},{"start":{"line":96,"column":58},"end":{"line":96,"column":null}}],"line":96}},"s":{"0":0,"1":0,"2":0,"3":0,"4":0,"5":0,"6":0,"7":0,"8":0,"9":0,"10":0,"11":0,"12":0,"13":0,"14":0,"15":0,"16":0,"17":0,"18":0,"19":0,"20":0,"21":0,"22":0,"23":0,"24":0,"25":0,"26":0,"27":0,"28":0,"29":0,"30":0,"31":0,"32":0,"33":0,"34":0,"35":0,"36":0,"37":0},"f":{"0":0,"1":0,"2":0,"3":0,"4":0,"5":0,"6":0,"7":0,"8":0},"b":{"0":[0,0],"1":[0,0],"2":[0,0],"3":[0,0],"4":[0,0,0,0],"5":[0],"6":[0,0],"7":[0],"8":[0,0],"9":[0,0],"10":[0,0],"11":[0,0],"12":[0,0],"13":[0,0],"14":[0,0],"15":[0,0],"16":[0,0]},"meta":{"lastBranch":17,"lastFunction":9,"lastStatement":38,"seen":{"s:4:17:11:Infinity":0,"b:5:12:5:39:5:39:5:Infinity":0,"b:6:10:6:35:6:35:6:Infinity":1,"b:7:72:10:6:10:6:10:Infinity":2,"b:7:15:7:44:7:44:7:72":3,"s:13:15:13:Infinity":1,"s:14:19:14:Infinity":2,"f:16:9:16:33":0,"s:17:2:17:Infinity":3,"b:17:12:17:22:17:22:17:51:17:51:17:80:17:80:17:Infinity":4,"f:23:22:23:41":1,"b:23:81:23:111":5,"b:24:2:24:Infinity:undefined:undefined:undefined:undefined":6,"s:24:2:24:Infinity":4,"s:24:23:24:Infinity":5,"s:26:14:31:Infinity":6,"s:32:2:32:Infinity":7,"f:38:22:38:43":2,"b:38:62:38:92":7,"b:39:2:39:Infinity:undefined:undefined:undefined:undefined":8,"s:39:2:39:Infinity":8,"s:39:23:39:Infinity":9,"s:41:14:41:Infinity":10,"s:42:2:46:Infinity":11,"s:43:4:43:Infinity":12,"s:45:4:45:Infinity":13,"f:52:22:52:38":3,"b:53:2:53:Infinity:undefined:undefined:undefined:undefined":9,"s:53:2:53:Infinity":14,"s:53:23:53:Infinity":15,"s:55:20:55:Infinity":16,"b:56:2:56:Infinity:undefined:undefined:undefined:undefined":10,"s:56:2:56:Infinity":17,"s:56:18:56:Infinity":18,"s:58:14:58:Infinity":19,"b:59:2:59:Infinity:undefined:undefined:undefined:undefined":11,"s:59:2:59:Infinity":20,"b:59:6:59:17:59:17:59:28":12,"s:59:28:59:Infinity":21,"s:60:2:60:Infinity":22,"f:66:22:66:35":4,"b:67:2:67:Infinity:undefined:undefined:undefined:undefined":13,"s:67:2:67:Infinity":23,"s:67:23:67:Infinity":24,"s:68:2:68:Infinity":25,"f:74:22:74:35":5,"b:75:2:75:Infinity:undefined:undefined:undefined:undefined":14,"s:75:2:75:Infinity":26,"s:75:23:75:Infinity":27,"s:76:2:81:Infinity":28,"s:77:4:77:Infinity":29,"s:78:4:78:Infinity":30,"s:80:4:80:Infinity":31,"f:87:16:87:29":6,"b:88:2:88:Infinity:undefined:undefined:undefined:undefined":15,"s:88:2:88:Infinity":32,"s:88:18:88:Infinity":33,"s:89:2:89:Infinity":34,"f:95:16:95:28":7,"s:96:14:96:Infinity":35,"b:96:14:96:58:96:58:96:Infinity":16,"s:97:2:97:Infinity":36,"f:100:16:100:47":8,"s:101:2:101:Infinity":37},"fnNames":{}}}
,"D:\\iin house\\iin house\\src\\lib\\utils.ts": {"path":"D:\\iin house\\iin house\\src\\lib\\utils.ts","statementMap":{"0":{"start":{"line":5,"column":2},"end":{"line":5,"column":null}}},"fnMap":{"0":{"name":"cn","decl":{"start":{"line":4,"column":16},"end":{"line":4,"column":19}},"loc":{"start":{"line":4,"column":44},"end":{"line":6,"column":null}},"line":4}},"branchMap":{},"s":{"0":6},"f":{"0":6},"b":{},"meta":{"lastBranch":0,"lastFunction":1,"lastStatement":1,"seen":{"f:4:16:4:19":0,"s:5:2:5:Infinity":0},"fnNames":{}}}
,"D:\\iin house\\iin house\\src\\lib\\validation.ts": {"path":"D:\\iin house\\iin house\\src\\lib\\validation.ts","statementMap":{"0":{"start":{"line":3,"column":30},"end":{"line":12,"column":null}},"1":{"start":{"line":10,"column":12},"end":{"line":10,"column":null}},"2":{"start":{"line":14,"column":27},"end":{"line":17,"column":null}},"3":{"start":{"line":19,"column":36},"end":{"line":21,"column":null}},"4":{"start":{"line":23,"column":35},"end":{"line":26,"column":null}},"5":{"start":{"line":28,"column":26},"end":{"line":33,"column":null}},"6":{"start":{"line":35,"column":33},"end":{"line":52,"column":null}},"7":{"start":{"line":43,"column":4},"end":{"line":45,"column":null}},"8":{"start":{"line":44,"column":6},"end":{"line":44,"column":null}},"9":{"start":{"line":46,"column":4},"end":{"line":46,"column":null}},"10":{"start":{"line":54,"column":28},"end":{"line":58,"column":null}}},"fnMap":{"0":{"name":"(anonymous_0)","decl":{"start":{"line":9,"column":3},"end":{"line":9,"column":null}},"loc":{"start":{"line":10,"column":12},"end":{"line":10,"column":null}},"line":10},"1":{"name":"(anonymous_1)","decl":{"start":{"line":41,"column":3},"end":{"line":41,"column":null}},"loc":{"start":{"line":42,"column":12},"end":{"line":47,"column":null}},"line":42}},"branchMap":{"0":{"loc":{"start":{"line":10,"column":12},"end":{"line":10,"column":null}},"type":"binary-expr","locations":[{"start":{"line":10,"column":12},"end":{"line":10,"column":26}},{"start":{"line":10,"column":26},"end":{"line":10,"column":null}}],"line":10},"1":{"loc":{"start":{"line":43,"column":4},"end":{"line":45,"column":null}},"type":"if","locations":[{"start":{"line":43,"column":4},"end":{"line":45,"column":null}},{"start":{},"end":{}}],"line":43},"2":{"loc":{"start":{"line":43,"column":8},"end":{"line":43,"column":78}},"type":"binary-expr","locations":[{"start":{"line":43,"column":8},"end":{"line":43,"column":23}},{"start":{"line":43,"column":23},"end":{"line":43,"column":48}},{"start":{"line":43,"column":48},"end":{"line":43,"column":78}}],"line":43}},"s":{"0":1,"1":6,"2":1,"3":1,"4":1,"5":1,"6":1,"7":3,"8":1,"9":2,"10":1},"f":{"0":6,"1":3},"b":{"0":[6,2],"1":[1,2],"2":[3,2,1]},"meta":{"lastBranch":3,"lastFunction":2,"lastStatement":11,"seen":{"s:3:30:12:Infinity":0,"f:9:3:9:Infinity":0,"s:10:12:10:Infinity":1,"b:10:12:10:26:10:26:10:Infinity":0,"s:14:27:17:Infinity":2,"s:19:36:21:Infinity":3,"s:23:35:26:Infinity":4,"s:28:26:33:Infinity":5,"s:35:33:52:Infinity":6,"f:41:3:41:Infinity":1,"b:43:4:45:Infinity:undefined:undefined:undefined:undefined":1,"s:43:4:45:Infinity":7,"b:43:8:43:23:43:23:43:48:43:48:43:78":2,"s:44:6:44:Infinity":8,"s:46:4:46:Infinity":9,"s:54:28:58:Infinity":10},"fnNames":{}}}
,"D:\\iin house\\iin house\\src\\lib\\watermark.ts": {"path":"D:\\iin house\\iin house\\src\\lib\\watermark.ts","statementMap":{"0":{"start":{"line":12,"column":12},"end":{"line":12,"column":null}},"1":{"start":{"line":18,"column":17},"end":{"line":18,"column":null}},"2":{"start":{"line":19,"column":14},"end":{"line":19,"column":null}},"3":{"start":{"line":21,"column":14},"end":{"line":22,"column":null}},"4":{"start":{"line":25,"column":2},"end":{"line":28,"column":null}},"5":{"start":{"line":34,"column":17},"end":{"line":34,"column":null}},"6":{"start":{"line":35,"column":14},"end":{"line":35,"column":null}},"7":{"start":{"line":36,"column":2},"end":{"line":36,"column":null}},"8":{"start":{"line":40,"column":17},"end":{"line":40,"column":null}},"9":{"start":{"line":41,"column":19},"end":{"line":41,"column":null}},"10":{"start":{"line":42,"column":2},"end":{"line":45,"column":null}},"11":{"start":{"line":43,"column":16},"end":{"line":43,"column":null}},"12":{"start":{"line":44,"column":4},"end":{"line":44,"column":null}},"13":{"start":{"line":46,"column":2},"end":{"line":46,"column":null}},"14":{"start":{"line":51,"column":14},"end":{"line":51,"column":null}},"15":{"start":{"line":52,"column":15},"end":{"line":52,"column":null}},"16":{"start":{"line":55,"column":2},"end":{"line":64,"column":null}},"17":{"start":{"line":56,"column":22},"end":{"line":56,"column":null}},"18":{"start":{"line":57,"column":18},"end":{"line":60,"column":null}},"19":{"start":{"line":61,"column":4},"end":{"line":61,"column":null}},"20":{"start":{"line":61,"column":44},"end":{"line":61,"column":null}},"21":{"start":{"line":65,"column":2},"end":{"line":65,"column":null}},"22":{"start":{"line":68,"column":19},"end":{"line":68,"column":null}},"23":{"start":{"line":71,"column":18},"end":{"line":71,"column":null}},"24":{"start":{"line":73,"column":2},"end":{"line":80,"column":null}},"25":{"start":{"line":74,"column":16},"end":{"line":74,"column":null}},"26":{"start":{"line":75,"column":18},"end":{"line":75,"column":null}},"27":{"start":{"line":76,"column":4},"end":{"line":78,"column":null}},"28":{"start":{"line":77,"column":6},"end":{"line":77,"column":null}},"29":{"start":{"line":79,"column":4},"end":{"line":79,"column":null}},"30":{"start":{"line":83,"column":14},"end":{"line":83,"column":null}},"31":{"start":{"line":84,"column":16},"end":{"line":84,"column":null}},"32":{"start":{"line":85,"column":2},"end":{"line":88,"column":null}},"33":{"start":{"line":86,"column":4},"end":{"line":86,"column":null}},"34":{"start":{"line":87,"column":4},"end":{"line":87,"column":null}},"35":{"start":{"line":89,"column":2},"end":{"line":89,"column":null}},"36":{"start":{"line":89,"column":28},"end":{"line":89,"column":null}},"37":{"start":{"line":90,"column":2},"end":{"line":90,"column":null}},"38":{"start":{"line":91,"column":2},"end":{"line":91,"column":null}},"39":{"start":{"line":99,"column":2},"end":{"line":99,"column":null}}},"fnMap":{"0":{"name":"applyWatermark","decl":{"start":{"line":17,"column":22},"end":{"line":17,"column":37}},"loc":{"start":{"line":17,"column":67},"end":{"line":29,"column":null}},"line":17},"1":{"name":"signMediaUrl","decl":{"start":{"line":33,"column":16},"end":{"line":33,"column":29}},"loc":{"start":{"line":33,"column":66},"end":{"line":37,"column":null}},"line":33},"2":{"name":"verifyMediaUrl","decl":{"start":{"line":39,"column":16},"end":{"line":39,"column":31}},"loc":{"start":{"line":39,"column":94},"end":{"line":47,"column":null}},"line":39},"3":{"name":"getRateLimiter","decl":{"start":{"line":54,"column":15},"end":{"line":54,"column":32}},"loc":{"start":{"line":54,"column":32},"end":{"line":66,"column":null}},"line":54},"4":{"name":"checkRateLimit","decl":{"start":{"line":70,"column":22},"end":{"line":70,"column":37}},"loc":{"start":{"line":70,"column":67},"end":{"line":92,"column":null}},"line":70},"5":{"name":"contentProtectionMiddleware","decl":{"start":{"line":96,"column":16},"end":{"line":96,"column":44}},"loc":{"start":{"line":96,"column":99},"end":{"line":100,"column":null}},"line":96}},"branchMap":{"0":{"loc":{"start":{"line":12,"column":19},"end":{"line":12,"column":61}},"type":"binary-expr","locations":[{"start":{"line":12,"column":19},"end":{"line":12,"column":57}},{"start":{"line":12,"column":57},"end":{"line":12,"column":61}}],"line":12},"1":{"loc":{"start":{"line":18,"column":17},"end":{"line":18,"column":null}},"type":"binary-expr","locations":[{"start":{"line":18,"column":17},"end":{"line":18,"column":49}},{"start":{"line":18,"column":49},"end":{"line":18,"column":null}}],"line":18},"2":{"loc":{"start":{"line":34,"column":17},"end":{"line":34,"column":null}},"type":"binary-expr","locations":[{"start":{"line":34,"column":17},"end":{"line":34,"column":49}},{"start":{"line":34,"column":49},"end":{"line":34,"column":null}}],"line":34},"3":{"loc":{"start":{"line":40,"column":17},"end":{"line":40,"column":null}},"type":"binary-expr","locations":[{"start":{"line":40,"column":17},"end":{"line":40,"column":49}},{"start":{"line":40,"column":49},"end":{"line":40,"column":null}}],"line":40},"4":{"loc":{"start":{"line":42,"column":2},"end":{"line":45,"column":null}},"type":"if","locations":[{"start":{"line":42,"column":2},"end":{"line":45,"column":null}},{"start":{},"end":{}}],"line":42},"5":{"loc":{"start":{"line":42,"column":6},"end":{"line":42,"column":115}},"type":"cond-expr","locations":[{"start":{"line":42,"column":31},"end":{"line":42,"column":97}},{"start":{"line":42,"column":97},"end":{"line":42,"column":115}}],"line":42},"6":{"loc":{"start":{"line":58,"column":11},"end":{"line":58,"column":null}},"type":"binary-expr","locations":[{"start":{"line":58,"column":11},"end":{"line":58,"column":49}},{"start":{"line":58,"column":49},"end":{"line":58,"column":null}}],"line":58},"7":{"loc":{"start":{"line":59,"column":13},"end":{"line":59,"column":null}},"type":"binary-expr","locations":[{"start":{"line":59,"column":13},"end":{"line":59,"column":53}},{"start":{"line":59,"column":53},"end":{"line":59,"column":null}}],"line":59},"8":{"loc":{"start":{"line":61,"column":4},"end":{"line":61,"column":null}},"type":"if","locations":[{"start":{"line":61,"column":4},"end":{"line":61,"column":null}},{"start":{},"end":{}}],"line":61},"9":{"loc":{"start":{"line":73,"column":2},"end":{"line":80,"column":null}},"type":"if","locations":[{"start":{"line":73,"column":2},"end":{"line":80,"column":null}},{"start":{},"end":{}}],"line":73},"10":{"loc":{"start":{"line":76,"column":4},"end":{"line":78,"column":null}},"type":"if","locations":[{"start":{"line":76,"column":4},"end":{"line":78,"column":null}},{"start":{},"end":{}}],"line":76},"11":{"loc":{"start":{"line":85,"column":2},"end":{"line":88,"column":null}},"type":"if","locations":[{"start":{"line":85,"column":2},"end":{"line":88,"column":null}},{"start":{},"end":{}}],"line":85},"12":{"loc":{"start":{"line":85,"column":6},"end":{"line":85,"column":37}},"type":"binary-expr","locations":[{"start":{"line":85,"column":6},"end":{"line":85,"column":16}},{"start":{"line":85,"column":16},"end":{"line":85,"column":37}}],"line":85},"13":{"loc":{"start":{"line":89,"column":2},"end":{"line":89,"column":null}},"type":"if","locations":[{"start":{"line":89,"column":2},"end":{"line":89,"column":null}},{"start":{},"end":{}}],"line":89}},"s":{"0":1,"1":0,"2":0,"3":0,"4":0,"5":4,"6":4,"7":4,"8":4,"9":4,"10":4,"11":1,"12":1,"13":3,"14":1,"15":1,"16":0,"17":0,"18":0,"19":0,"20":0,"21":0,"22":1,"23":0,"24":0,"25":0,"26":0,"27":0,"28":0,"29":0,"30":0,"31":0,"32":0,"33":0,"34":0,"35":0,"36":0,"37":0,"38":0,"39":0},"f":{"0":0,"1":4,"2":4,"3":0,"4":0,"5":0},"b":{"0":[1,1],"1":[0,0],"2":[4,4],"3":[4,4],"4":[1,3],"5":[4,0],"6":[0,0],"7":[0,0],"8":[0,0],"9":[0,0],"10":[0,0],"11":[0,0],"12":[0,0],"13":[0,0]},"meta":{"lastBranch":14,"lastFunction":6,"lastStatement":40,"seen":{"s:12:12:12:Infinity":0,"b:12:19:12:57:12:57:12:61":0,"f:17:22:17:37":0,"s:18:17:18:Infinity":1,"b:18:17:18:49:18:49:18:Infinity":1,"s:19:14:19:Infinity":2,"s:21:14:22:Infinity":3,"s:25:2:28:Infinity":4,"f:33:16:33:29":1,"s:34:17:34:Infinity":5,"b:34:17:34:49:34:49:34:Infinity":2,"s:35:14:35:Infinity":6,"s:36:2:36:Infinity":7,"f:39:16:39:31":2,"s:40:17:40:Infinity":8,"b:40:17:40:49:40:49:40:Infinity":3,"s:41:19:41:Infinity":9,"b:42:2:45:Infinity:undefined:undefined:undefined:undefined":4,"s:42:2:45:Infinity":10,"b:42:31:42:97:42:97:42:115":5,"s:43:16:43:Infinity":11,"s:44:4:44:Infinity":12,"s:46:2:46:Infinity":13,"s:51:14:51:Infinity":14,"s:52:15:52:Infinity":15,"f:54:15:54:32":3,"s:55:2:64:Infinity":16,"s:56:22:56:Infinity":17,"s:57:18:60:Infinity":18,"b:58:11:58:49:58:49:58:Infinity":6,"b:59:13:59:53:59:53:59:Infinity":7,"b:61:4:61:Infinity:undefined:undefined:undefined:undefined":8,"s:61:4:61:Infinity":19,"s:61:44:61:Infinity":20,"s:65:2:65:Infinity":21,"s:68:19:68:Infinity":22,"f:70:22:70:37":4,"s:71:18:71:Infinity":23,"b:73:2:80:Infinity:undefined:undefined:undefined:undefined":9,"s:73:2:80:Infinity":24,"s:74:16:74:Infinity":25,"s:75:18:75:Infinity":26,"b:76:4:78:Infinity:undefined:undefined:undefined:undefined":10,"s:76:4:78:Infinity":27,"s:77:6:77:Infinity":28,"s:79:4:79:Infinity":29,"s:83:14:83:Infinity":30,"s:84:16:84:Infinity":31,"b:85:2:88:Infinity:undefined:undefined:undefined:undefined":11,"s:85:2:88:Infinity":32,"b:85:6:85:16:85:16:85:37":12,"s:86:4:86:Infinity":33,"s:87:4:87:Infinity":34,"b:89:2:89:Infinity:undefined:undefined:undefined:undefined":13,"s:89:2:89:Infinity":35,"s:89:28:89:Infinity":36,"s:90:2:90:Infinity":37,"s:91:2:91:Infinity":38,"f:96:16:96:44":5,"s:99:2:99:Infinity":39},"fnNames":{}}}
}
